This file contains any messages produced by compilers while
running configure, to aid debugging if configure makes a mistake.

It was created by libassuan configure 2.0.3, which was
generated by GNU Autoconf 2.68.  Invocation command line was

  $ ./configure 

## --------- ##
## Platform. ##
## --------- ##

hostname = DuLi
uname -m = x86_64
uname -r = 3.2.0-35-generic
uname -s = Linux
uname -v = #55-Ubuntu SMP Wed Dec 5 17:42:16 UTC 2012

/usr/bin/uname -p = unknown
/bin/uname -X     = unknown

/bin/arch              = unknown
/usr/bin/arch -k       = unknown
/usr/convex/getsysinfo = unknown
/usr/bin/hostinfo      = unknown
/bin/machine           = unknown
/usr/bin/oslevel       = unknown
/bin/universe          = unknown

PATH: /opt/hisi-linux/x86-arm/arm-hisiv200-linux/target/bin
PATH: /usr/local/bin/jdk1.7.0_07/bin
PATH: /usr/local/bin/4.3.2/bin
PATH: /usr/local/sbin
PATH: /usr/local/bin
PATH: /usr/sbin
PATH: /usr/bin
PATH: /sbin
PATH: /bin


## ----------- ##
## Core tests. ##
## ----------- ##

configure:2498: checking for a BSD-compatible install
configure:2566: result: /usr/bin/install -c
configure:2577: checking whether build environment is sane
configure:2627: result: yes
configure:2768: checking for a thread-safe mkdir -p
configure:2807: result: /bin/mkdir -p
configure:2820: checking for gawk
configure:2836: found /usr/bin/gawk
configure:2847: result: gawk
configure:2858: checking whether make sets $(MAKE)
configure:2880: result: yes
configure:2961: checking whether to enable maintainer-specific portions of Makefiles
configure:2970: result: no
configure:2991: checking build system type
configure:3005: result: x86_64-unknown-linux-gnu
configure:3025: checking host system type
configure:3038: result: x86_64-unknown-linux-gnu
configure:3062: autobuild project... libassuan
configure:3064: autobuild revision... 2.0.3
configure:3068: autobuild hostname... DuLi
configure:3077: autobuild timestamp... 20121221-113251
configure:3094: checking for style of include used by make
configure:3122: result: GNU
configure:3192: checking for gcc
configure:3208: found /usr/bin/gcc
configure:3219: result: gcc
configure:3448: checking for C compiler version
configure:3457: gcc --version >&5
gcc (Ubuntu/Linaro 4.6.3-1ubuntu5) 4.6.3
Copyright (C) 2011 Free Software Foundation, Inc.
This is free software; see the source for copying conditions.  There is NO
warranty; not even for MERCHANTABILITY or FITNESS FOR A PARTICULAR PURPOSE.

configure:3468: $? = 0
configure:3457: gcc -v >&5
Using built-in specs.
COLLECT_GCC=gcc
COLLECT_LTO_WRAPPER=/usr/lib/gcc/x86_64-linux-gnu/4.6/lto-wrapper
Target: x86_64-linux-gnu
Configured with: ../src/configure -v --with-pkgversion='Ubuntu/Linaro 4.6.3-1ubuntu5' --with-bugurl=file:///usr/share/doc/gcc-4.6/README.Bugs --enable-languages=c,c++,fortran,objc,obj-c++ --prefix=/usr --program-suffix=-4.6 --enable-shared --enable-linker-build-id --with-system-zlib --libexecdir=/usr/lib --without-included-gettext --enable-threads=posix --with-gxx-include-dir=/usr/include/c++/4.6 --libdir=/usr/lib --enable-nls --with-sysroot=/ --enable-clocale=gnu --enable-libstdcxx-debug --enable-libstdcxx-time=yes --enable-gnu-unique-object --enable-plugin --enable-objc-gc --disable-werror --with-arch-32=i686 --with-tune=generic --enable-checking=release --build=x86_64-linux-gnu --host=x86_64-linux-gnu --target=x86_64-linux-gnu
Thread model: posix
gcc version 4.6.3 (Ubuntu/Linaro 4.6.3-1ubuntu5) 
configure:3468: $? = 0
configure:3457: gcc -V >&5
gcc: error: unrecognized option '-V'
gcc: fatal error: no input files
compilation terminated.
configure:3468: $? = 4
configure:3457: gcc -qversion >&5
gcc: error: unrecognized option '-qversion'
gcc: fatal error: no input files
compilation terminated.
configure:3468: $? = 4
configure:3488: checking whether the C compiler works
configure:3510: gcc    conftest.c  >&5
configure:3514: $? = 0
configure:3562: result: yes
configure:3565: checking for C compiler default output file name
configure:3567: result: a.out
configure:3573: checking for suffix of executables
configure:3580: gcc -o conftest    conftest.c  >&5
configure:3584: $? = 0
configure:3606: result: 
configure:3628: checking whether we are cross compiling
configure:3636: gcc -o conftest    conftest.c  >&5
configure:3640: $? = 0
configure:3647: ./conftest
configure:3651: $? = 0
configure:3666: result: no
configure:3671: checking for suffix of object files
configure:3693: gcc -c   conftest.c >&5
configure:3697: $? = 0
configure:3718: result: o
configure:3722: checking whether we are using the GNU C compiler
configure:3741: gcc -c   conftest.c >&5
configure:3741: $? = 0
configure:3750: result: yes
configure:3759: checking whether gcc accepts -g
configure:3779: gcc -c -g  conftest.c >&5
configure:3779: $? = 0
configure:3820: result: yes
configure:3837: checking for gcc option to accept ISO C89
configure:3901: gcc  -c -g -O2  conftest.c >&5
configure:3901: $? = 0
configure:3914: result: none needed
configure:3936: checking dependency style of gcc
configure:4046: result: gcc3
configure:4067: checking how to run the C preprocessor
configure:4098: gcc -E  conftest.c
configure:4098: $? = 0
configure:4112: gcc -E  conftest.c
conftest.c:11:28: fatal error: ac_nonexistent.h: No such file or directory
compilation terminated.
configure:4112: $? = 1
configure: failed program was:
| /* confdefs.h */
| #define PACKAGE_NAME "libassuan"
| #define PACKAGE_TARNAME "libassuan"
| #define PACKAGE_VERSION "2.0.3"
| #define PACKAGE_STRING "libassuan 2.0.3"
| #define PACKAGE_BUGREPORT "http://bugs.gnupg.org"
| #define PACKAGE_URL ""
| #define PACKAGE "libassuan"
| #define VERSION "2.0.3"
| /* end confdefs.h.  */
| #include <ac_nonexistent.h>
configure:4137: result: gcc -E
configure:4157: gcc -E  conftest.c
configure:4157: $? = 0
configure:4171: gcc -E  conftest.c
conftest.c:11:28: fatal error: ac_nonexistent.h: No such file or directory
compilation terminated.
configure:4171: $? = 1
configure: failed program was:
| /* confdefs.h */
| #define PACKAGE_NAME "libassuan"
| #define PACKAGE_TARNAME "libassuan"
| #define PACKAGE_VERSION "2.0.3"
| #define PACKAGE_STRING "libassuan 2.0.3"
| #define PACKAGE_BUGREPORT "http://bugs.gnupg.org"
| #define PACKAGE_URL ""
| #define PACKAGE "libassuan"
| #define VERSION "2.0.3"
| /* end confdefs.h.  */
| #include <ac_nonexistent.h>
configure:4200: checking for grep that handles long lines and -e
configure:4258: result: /bin/grep
configure:4263: checking for egrep
configure:4325: result: /bin/grep -E
configure:4330: checking for ANSI C header files
configure:4350: gcc -c -g -O2  conftest.c >&5
configure:4350: $? = 0
configure:4423: gcc -o conftest -g -O2   conftest.c  >&5
configure:4423: $? = 0
configure:4423: ./conftest
configure:4423: $? = 0
configure:4434: result: yes
configure:4447: checking for sys/types.h
configure:4447: gcc -c -g -O2  conftest.c >&5
configure:4447: $? = 0
configure:4447: result: yes
configure:4447: checking for sys/stat.h
configure:4447: gcc -c -g -O2  conftest.c >&5
configure:4447: $? = 0
configure:4447: result: yes
configure:4447: checking for stdlib.h
configure:4447: gcc -c -g -O2  conftest.c >&5
configure:4447: $? = 0
configure:4447: result: yes
configure:4447: checking for string.h
configure:4447: gcc -c -g -O2  conftest.c >&5
configure:4447: $? = 0
configure:4447: result: yes
configure:4447: checking for memory.h
configure:4447: gcc -c -g -O2  conftest.c >&5
configure:4447: $? = 0
configure:4447: result: yes
configure:4447: checking for strings.h
configure:4447: gcc -c -g -O2  conftest.c >&5
configure:4447: $? = 0
configure:4447: result: yes
configure:4447: checking for inttypes.h
configure:4447: gcc -c -g -O2  conftest.c >&5
configure:4447: $? = 0
configure:4447: result: yes
configure:4447: checking for stdint.h
configure:4447: gcc -c -g -O2  conftest.c >&5
configure:4447: $? = 0
configure:4447: result: yes
configure:4447: checking for unistd.h
configure:4447: gcc -c -g -O2  conftest.c >&5
configure:4447: $? = 0
configure:4447: result: yes
configure:4460: checking minix/config.h usability
configure:4460: gcc -c -g -O2  conftest.c >&5
conftest.c:54:26: fatal error: minix/config.h: No such file or directory
compilation terminated.
configure:4460: $? = 1
configure: failed program was:
| /* confdefs.h */
| #define PACKAGE_NAME "libassuan"
| #define PACKAGE_TARNAME "libassuan"
| #define PACKAGE_VERSION "2.0.3"
| #define PACKAGE_STRING "libassuan 2.0.3"
| #define PACKAGE_BUGREPORT "http://bugs.gnupg.org"
| #define PACKAGE_URL ""
| #define PACKAGE "libassuan"
| #define VERSION "2.0.3"
| #define STDC_HEADERS 1
| #define HAVE_SYS_TYPES_H 1
| #define HAVE_SYS_STAT_H 1
| #define HAVE_STDLIB_H 1
| #define HAVE_STRING_H 1
| #define HAVE_MEMORY_H 1
| #define HAVE_STRINGS_H 1
| #define HAVE_INTTYPES_H 1
| #define HAVE_STDINT_H 1
| #define HAVE_UNISTD_H 1
| /* end confdefs.h.  */
| #include <stdio.h>
| #ifdef HAVE_SYS_TYPES_H
| # include <sys/types.h>
| #endif
| #ifdef HAVE_SYS_STAT_H
| # include <sys/stat.h>
| #endif
| #ifdef STDC_HEADERS
| # include <stdlib.h>
| # include <stddef.h>
| #else
| # ifdef HAVE_STDLIB_H
| #  include <stdlib.h>
| # endif
| #endif
| #ifdef HAVE_STRING_H
| # if !defined STDC_HEADERS && defined HAVE_MEMORY_H
| #  include <memory.h>
| # endif
| # include <string.h>
| #endif
| #ifdef HAVE_STRINGS_H
| # include <strings.h>
| #endif
| #ifdef HAVE_INTTYPES_H
| # include <inttypes.h>
| #endif
| #ifdef HAVE_STDINT_H
| # include <stdint.h>
| #endif
| #ifdef HAVE_UNISTD_H
| # include <unistd.h>
| #endif
| #include <minix/config.h>
configure:4460: result: no
configure:4460: checking minix/config.h presence
configure:4460: gcc -E  conftest.c
conftest.c:21:26: fatal error: minix/config.h: No such file or directory
compilation terminated.
configure:4460: $? = 1
configure: failed program was:
| /* confdefs.h */
| #define PACKAGE_NAME "libassuan"
| #define PACKAGE_TARNAME "libassuan"
| #define PACKAGE_VERSION "2.0.3"
| #define PACKAGE_STRING "libassuan 2.0.3"
| #define PACKAGE_BUGREPORT "http://bugs.gnupg.org"
| #define PACKAGE_URL ""
| #define PACKAGE "libassuan"
| #define VERSION "2.0.3"
| #define STDC_HEADERS 1
| #define HAVE_SYS_TYPES_H 1
| #define HAVE_SYS_STAT_H 1
| #define HAVE_STDLIB_H 1
| #define HAVE_STRING_H 1
| #define HAVE_MEMORY_H 1
| #define HAVE_STRINGS_H 1
| #define HAVE_INTTYPES_H 1
| #define HAVE_STDINT_H 1
| #define HAVE_UNISTD_H 1
| /* end confdefs.h.  */
| #include <minix/config.h>
configure:4460: result: no
configure:4460: checking for minix/config.h
configure:4460: result: no
configure:4481: checking whether it is safe to define __EXTENSIONS__
configure:4499: gcc -c -g -O2  conftest.c >&5
configure:4499: $? = 0
configure:4506: result: yes
configure:4590: checking how to print strings
configure:4617: result: printf
configure:4638: checking for a sed that does not truncate output
configure:4702: result: /bin/sed
configure:4720: checking for fgrep
configure:4782: result: /bin/grep -F
configure:4817: checking for ld used by gcc
configure:4884: result: /usr/bin/ld
configure:4891: checking if the linker (/usr/bin/ld) is GNU ld
configure:4906: result: yes
configure:4918: checking for BSD- or MS-compatible name lister (nm)
configure:4967: result: /usr/bin/nm -B
configure:5097: checking the name lister (/usr/bin/nm -B) interface
configure:5104: gcc -c -g -O2  conftest.c >&5
configure:5107: /usr/bin/nm -B "conftest.o"
configure:5110: output
0000000000000000 B some_variable
configure:5117: result: BSD nm
configure:5120: checking whether ln -s works
configure:5124: result: yes
configure:5132: checking the maximum length of command line arguments
configure:5257: result: 1572864
configure:5274: checking whether the shell understands some XSI constructs
configure:5284: result: yes
configure:5288: checking whether the shell understands "+="
configure:5294: result: yes
configure:5329: checking how to convert x86_64-unknown-linux-gnu file names to x86_64-unknown-linux-gnu format
configure:5369: result: func_convert_file_noop
configure:5376: checking how to convert x86_64-unknown-linux-gnu file names to toolchain format
configure:5396: result: func_convert_file_noop
configure:5403: checking for /usr/bin/ld option to reload object files
configure:5410: result: -r
configure:5484: checking for objdump
configure:5500: found /usr/bin/objdump
configure:5511: result: objdump
configure:5540: checking how to recognize dependent libraries
configure:5742: result: pass_all
configure:5827: checking for dlltool
configure:5857: result: no
configure:5884: checking how to associate runtime and link libraries
configure:5911: result: printf %s\n
configure:5971: checking for ar
configure:5987: found /usr/bin/ar
configure:5998: result: ar
configure:6035: checking for archiver @FILE support
configure:6052: gcc -c -g -O2  conftest.c >&5
configure:6052: $? = 0
configure:6055: ar cru libconftest.a @conftest.lst >&5
configure:6058: $? = 0
configure:6063: ar cru libconftest.a @conftest.lst >&5
ar: conftest.o: No such file or directory
configure:6066: $? = 1
configure:6078: result: @
configure:6136: checking for strip
configure:6152: found /usr/bin/strip
configure:6163: result: strip
configure:6235: checking for ranlib
configure:6251: found /usr/bin/ranlib
configure:6262: result: ranlib
configure:6364: checking command to parse /usr/bin/nm -B output from gcc object
configure:6483: gcc -c -g -O2  conftest.c >&5
configure:6486: $? = 0
configure:6490: /usr/bin/nm -B conftest.o \| sed -n -e 's/^.*[ ]\([ABCDGIRSTW][ABCDGIRSTW]*\)[ ][ ]*\([_A-Za-z][_A-Za-z0-9]*\)$/\1 \2 \2/p' | sed '/ __gnu_lto/d' \> conftest.nm
configure:6493: $? = 0
configure:6559: gcc -o conftest -g -O2   conftest.c conftstm.o >&5
configure:6562: $? = 0
configure:6600: result: ok
configure:6637: checking for sysroot
configure:6667: result: no
configure:6744: gcc -c -g -O2  conftest.c >&5
configure:6747: $? = 0
configure:6910: checking for mt
configure:6926: found /bin/mt
configure:6937: result: mt
configure:6960: checking if mt is a manifest tool
configure:6966: mt '-?'
configure:6974: result: no
configure:7603: checking for dlfcn.h
configure:7603: gcc -c -g -O2  conftest.c >&5
configure:7603: $? = 0
configure:7603: result: yes
configure:8087: checking for objdir
configure:8102: result: .libs
configure:8373: checking if gcc supports -fno-rtti -fno-exceptions
configure:8391: gcc -c -g -O2  -fno-rtti -fno-exceptions conftest.c >&5
cc1: warning: command line option '-fno-rtti' is valid for C++/ObjC++ but not for C [enabled by default]
configure:8395: $? = 0
configure:8408: result: no
configure:8718: checking for gcc option to produce PIC
configure:8725: result: -fPIC -DPIC
configure:8733: checking if gcc PIC flag -fPIC -DPIC works
configure:8751: gcc -c -g -O2  -fPIC -DPIC -DPIC conftest.c >&5
configure:8755: $? = 0
configure:8768: result: yes
configure:8797: checking if gcc static flag -static works
configure:8825: result: yes
configure:8840: checking if gcc supports -c -o file.o
configure:8861: gcc -c -g -O2  -o out/conftest2.o conftest.c >&5
configure:8865: $? = 0
configure:8887: result: yes
configure:8895: checking if gcc supports -c -o file.o
configure:8942: result: yes
configure:8975: checking whether the gcc linker (/usr/bin/ld -m elf_x86_64) supports shared libraries
configure:10137: result: yes
configure:10174: checking whether -lc should be explicitly linked in
configure:10182: gcc -c -g -O2  conftest.c >&5
configure:10185: $? = 0
configure:10200: gcc -shared  -fPIC -DPIC conftest.o  -v -Wl,-soname -Wl,conftest -o conftest 2\>\&1 \| /bin/grep  -lc  \>/dev/null 2\>\&1
configure:10203: $? = 0
configure:10217: result: no
configure:10382: checking dynamic linker characteristics
configure:10897: gcc -o conftest -g -O2   -Wl,-rpath -Wl,/foo conftest.c  >&5
configure:10897: $? = 0
configure:11131: result: GNU/Linux ld.so
configure:11238: checking how to hardcode library paths into programs
configure:11263: result: immediate
configure:11803: checking whether stripping libraries is possible
configure:11808: result: yes
configure:11843: checking if libtool supports shared libraries
configure:11845: result: yes
configure:11848: checking whether to build shared libraries
configure:11869: result: yes
configure:11872: checking whether to build static libraries
configure:11876: result: no
configure:11954: checking for windres
configure:11984: result: no
configure:12144: checking for gawk
configure:12171: result: gawk
configure:12230: checking for gcc
configure:12257: result: gcc
configure:12486: checking for C compiler version
configure:12495: gcc --version >&5
gcc (Ubuntu/Linaro 4.6.3-1ubuntu5) 4.6.3
Copyright (C) 2011 Free Software Foundation, Inc.
This is free software; see the source for copying conditions.  There is NO
warranty; not even for MERCHANTABILITY or FITNESS FOR A PARTICULAR PURPOSE.

configure:12506: $? = 0
configure:12495: gcc -v >&5
Using built-in specs.
COLLECT_GCC=gcc
COLLECT_LTO_WRAPPER=/usr/lib/gcc/x86_64-linux-gnu/4.6/lto-wrapper
Target: x86_64-linux-gnu
Configured with: ../src/configure -v --with-pkgversion='Ubuntu/Linaro 4.6.3-1ubuntu5' --with-bugurl=file:///usr/share/doc/gcc-4.6/README.Bugs --enable-languages=c,c++,fortran,objc,obj-c++ --prefix=/usr --program-suffix=-4.6 --enable-shared --enable-linker-build-id --with-system-zlib --libexecdir=/usr/lib --without-included-gettext --enable-threads=posix --with-gxx-include-dir=/usr/include/c++/4.6 --libdir=/usr/lib --enable-nls --with-sysroot=/ --enable-clocale=gnu --enable-libstdcxx-debug --enable-libstdcxx-time=yes --enable-gnu-unique-object --enable-plugin --enable-objc-gc --disable-werror --with-arch-32=i686 --with-tune=generic --enable-checking=release --build=x86_64-linux-gnu --host=x86_64-linux-gnu --target=x86_64-linux-gnu
Thread model: posix
gcc version 4.6.3 (Ubuntu/Linaro 4.6.3-1ubuntu5) 
configure:12506: $? = 0
configure:12495: gcc -V >&5
gcc: error: unrecognized option '-V'
gcc: fatal error: no input files
compilation terminated.
configure:12506: $? = 4
configure:12495: gcc -qversion >&5
gcc: error: unrecognized option '-qversion'
gcc: fatal error: no input files
compilation terminated.
configure:12506: $? = 4
configure:12510: checking whether we are using the GNU C compiler
configure:12538: result: yes
configure:12547: checking whether gcc accepts -g
configure:12608: result: yes
configure:12625: checking for gcc option to accept ISO C89
configure:12702: result: none needed
configure:12724: checking dependency style of gcc
configure:12834: result: gcc3
configure:12854: checking how to run the C preprocessor
configure:12924: result: gcc -E
configure:12944: gcc -E  conftest.c
configure:12944: $? = 0
configure:12958: gcc -E  conftest.c
conftest.c:31:28: fatal error: ac_nonexistent.h: No such file or directory
compilation terminated.
configure:12958: $? = 1
configure: failed program was:
| /* confdefs.h */
| #define PACKAGE_NAME "libassuan"
| #define PACKAGE_TARNAME "libassuan"
| #define PACKAGE_VERSION "2.0.3"
| #define PACKAGE_STRING "libassuan 2.0.3"
| #define PACKAGE_BUGREPORT "http://bugs.gnupg.org"
| #define PACKAGE_URL ""
| #define PACKAGE "libassuan"
| #define VERSION "2.0.3"
| #define STDC_HEADERS 1
| #define HAVE_SYS_TYPES_H 1
| #define HAVE_SYS_STAT_H 1
| #define HAVE_STDLIB_H 1
| #define HAVE_STRING_H 1
| #define HAVE_MEMORY_H 1
| #define HAVE_STRINGS_H 1
| #define HAVE_INTTYPES_H 1
| #define HAVE_STDINT_H 1
| #define HAVE_UNISTD_H 1
| #define __EXTENSIONS__ 1
| #define _ALL_SOURCE 1
| #define _GNU_SOURCE 1
| #define _POSIX_PTHREAD_SEMANTICS 1
| #define _TANDEM_SOURCE 1
| #define PACKAGE "libassuan"
| #define VERSION "2.0.3"
| #define PACKAGE_BUGREPORT "http://bugs.gnupg.org"
| #define HAVE_DLFCN_H 1
| #define LT_OBJDIR ".libs/"
| /* end confdefs.h.  */
| #include <ac_nonexistent.h>
configure:12987: checking whether gcc and cc understand -c and -o together
configure:13018: gcc -c conftest.c -o conftest2.o >&5
configure:13022: $? = 0
configure:13028: gcc -c conftest.c -o conftest2.o >&5
configure:13032: $? = 0
configure:13043: cc -c conftest.c >&5
configure:13047: $? = 0
configure:13055: cc -c conftest.c -o conftest2.o >&5
configure:13059: $? = 0
configure:13065: cc -c conftest.c -o conftest2.o >&5
configure:13069: $? = 0
configure:13087: result: yes
configure:13116: checking whether ln -s works
configure:13120: result: yes
configure:13127: checking whether make sets $(MAKE)
configure:13149: result: yes
configure:13166: checking for cc for build
configure:13173: result: gcc
configure:13181: checking if gcc supports -Wpointer-arith
configure:13196: gcc -c -Wpointer-arith  conftest.c >&5
configure:13196: $? = 0
configure:13202: result: yes
configure:13310: checking for setsockopt
configure:13310: gcc -o conftest -g -O2 -Wall -Wcast-align -Wshadow -Wstrict-prototypes -Wpointer-arith -fPIC -DPIC   conftest.c  >&5
conftest.c:54:1: warning: function declaration isn't a prototype [-Wstrict-prototypes]
conftest.c:63:1: warning: function declaration isn't a prototype [-Wstrict-prototypes]
configure:13310: $? = 0
configure:13310: result: yes
configure:13383: checking for ANSI C header files
configure:13487: result: yes
configure:13500: checking for string.h
configure:13500: result: yes
configure:13500: checking locale.h usability
configure:13500: gcc -c -g -O2 -Wall -Wcast-align -Wshadow -Wstrict-prototypes -Wpointer-arith -fPIC -DPIC  conftest.c >&5
configure:13500: $? = 0
configure:13500: result: yes
configure:13500: checking locale.h presence
configure:13500: gcc -E  conftest.c
configure:13500: $? = 0
configure:13500: result: yes
configure:13500: checking for locale.h
configure:13500: result: yes
configure:13500: checking sys/uio.h usability
configure:13500: gcc -c -g -O2 -Wall -Wcast-align -Wshadow -Wstrict-prototypes -Wpointer-arith -fPIC -DPIC  conftest.c >&5
configure:13500: $? = 0
configure:13500: result: yes
configure:13500: checking sys/uio.h presence
configure:13500: gcc -E  conftest.c
configure:13500: $? = 0
configure:13500: result: yes
configure:13500: checking for sys/uio.h
configure:13500: result: yes
configure:13500: checking for stdint.h
configure:13500: result: yes
configure:13500: checking for inttypes.h
configure:13500: result: yes
configure:13500: checking for sys/types.h
configure:13500: result: yes
configure:13500: checking for sys/stat.h
configure:13500: result: yes
configure:13500: checking for unistd.h
configure:13500: result: yes
configure:13500: checking sys/time.h usability
configure:13500: gcc -c -g -O2 -Wall -Wcast-align -Wshadow -Wstrict-prototypes -Wpointer-arith -fPIC -DPIC  conftest.c >&5
configure:13500: $? = 0
configure:13500: result: yes
configure:13500: checking sys/time.h presence
configure:13500: gcc -E  conftest.c
configure:13500: $? = 0
configure:13500: result: yes
configure:13500: checking for sys/time.h
configure:13500: result: yes
configure:13500: checking fcntl.h usability
configure:13500: gcc -c -g -O2 -Wall -Wcast-align -Wshadow -Wstrict-prototypes -Wpointer-arith -fPIC -DPIC  conftest.c >&5
configure:13500: $? = 0
configure:13500: result: yes
configure:13500: checking fcntl.h presence
configure:13500: gcc -E  conftest.c
configure:13500: $? = 0
configure:13500: result: yes
configure:13500: checking for fcntl.h
configure:13500: result: yes
configure:13500: checking sys/select.h usability
configure:13500: gcc -c -g -O2 -Wall -Wcast-align -Wshadow -Wstrict-prototypes -Wpointer-arith -fPIC -DPIC  conftest.c >&5
configure:13500: $? = 0
configure:13500: result: yes
configure:13500: checking sys/select.h presence
configure:13500: gcc -E  conftest.c
configure:13500: $? = 0
configure:13500: result: yes
configure:13500: checking for sys/select.h
configure:13500: result: yes
configure:13511: checking for uintptr_t
configure:13511: gcc -c -g -O2 -Wall -Wcast-align -Wshadow -Wstrict-prototypes -Wpointer-arith -fPIC -DPIC  conftest.c >&5
conftest.c:77:1: warning: function declaration isn't a prototype [-Wstrict-prototypes]
configure:13511: $? = 0
configure:13511: gcc -c -g -O2 -Wall -Wcast-align -Wshadow -Wstrict-prototypes -Wpointer-arith -fPIC -DPIC  conftest.c >&5
conftest.c:77:1: warning: function declaration isn't a prototype [-Wstrict-prototypes]
conftest.c: In function 'main':
conftest.c:79:24: error: expected expression before ')' token
configure:13511: $? = 1
configure: failed program was:
| /* confdefs.h */
| #define PACKAGE_NAME "libassuan"
| #define PACKAGE_TARNAME "libassuan"
| #define PACKAGE_VERSION "2.0.3"
| #define PACKAGE_STRING "libassuan 2.0.3"
| #define PACKAGE_BUGREPORT "http://bugs.gnupg.org"
| #define PACKAGE_URL ""
| #define PACKAGE "libassuan"
| #define VERSION "2.0.3"
| #define STDC_HEADERS 1
| #define HAVE_SYS_TYPES_H 1
| #define HAVE_SYS_STAT_H 1
| #define HAVE_STDLIB_H 1
| #define HAVE_STRING_H 1
| #define HAVE_MEMORY_H 1
| #define HAVE_STRINGS_H 1
| #define HAVE_INTTYPES_H 1
| #define HAVE_STDINT_H 1
| #define HAVE_UNISTD_H 1
| #define __EXTENSIONS__ 1
| #define _ALL_SOURCE 1
| #define _GNU_SOURCE 1
| #define _POSIX_PTHREAD_SEMANTICS 1
| #define _TANDEM_SOURCE 1
| #define PACKAGE "libassuan"
| #define VERSION "2.0.3"
| #define PACKAGE_BUGREPORT "http://bugs.gnupg.org"
| #define HAVE_DLFCN_H 1
| #define LT_OBJDIR ".libs/"
| #define STDC_HEADERS 1
| #define HAVE_STRING_H 1
| #define HAVE_LOCALE_H 1
| #define HAVE_SYS_UIO_H 1
| #define HAVE_STDINT_H 1
| #define HAVE_INTTYPES_H 1
| #define HAVE_SYS_TYPES_H 1
| #define HAVE_SYS_STAT_H 1
| #define HAVE_UNISTD_H 1
| #define HAVE_SYS_TIME_H 1
| #define HAVE_FCNTL_H 1
| #define HAVE_SYS_SELECT_H 1
| /* end confdefs.h.  */
| #include <stdio.h>
| #ifdef HAVE_SYS_TYPES_H
| # include <sys/types.h>
| #endif
| #ifdef HAVE_SYS_STAT_H
| # include <sys/stat.h>
| #endif
| #ifdef STDC_HEADERS
| # include <stdlib.h>
| # include <stddef.h>
| #else
| # ifdef HAVE_STDLIB_H
| #  include <stdlib.h>
| # endif
| #endif
| #ifdef HAVE_STRING_H
| # if !defined STDC_HEADERS && defined HAVE_MEMORY_H
| #  include <memory.h>
| # endif
| # include <string.h>
| #endif
| #ifdef HAVE_STRINGS_H
| # include <strings.h>
| #endif
| #ifdef HAVE_INTTYPES_H
| # include <inttypes.h>
| #endif
| #ifdef HAVE_STDINT_H
| # include <stdint.h>
| #endif
| #ifdef HAVE_UNISTD_H
| # include <unistd.h>
| #endif
| int
| main ()
| {
| if (sizeof ((uintptr_t)))
| 	    return 0;
|   ;
|   return 0;
| }
configure:13511: result: yes
configure:13546: checking for uint16_t
configure:13546: gcc -c -g -O2 -Wall -Wcast-align -Wshadow -Wstrict-prototypes -Wpointer-arith -fPIC -DPIC  conftest.c >&5
conftest.c:78:1: warning: function declaration isn't a prototype [-Wstrict-prototypes]
conftest.c: In function 'main':
conftest.c:80:12: warning: variable 'test_array' set but not used [-Wunused-but-set-variable]
configure:13546: $? = 0
configure:13546: result: yes
configure:13560: checking for an ANSI C-conforming const
configure:13625: gcc -c -g -O2 -Wall -Wcast-align -Wshadow -Wstrict-prototypes -Wpointer-arith -fPIC -DPIC  conftest.c >&5
conftest.c:46:1: warning: function declaration isn't a prototype [-Wstrict-prototypes]
conftest.c: In function 'main':
conftest.c:73:10: warning: 't' is used uninitialized in this function [-Wuninitialized]
configure:13625: $? = 0
configure:13632: result: yes
configure:13640: checking for inline
configure:13656: gcc -c -g -O2 -Wall -Wcast-align -Wshadow -Wstrict-prototypes -Wpointer-arith -fPIC -DPIC  conftest.c >&5
conftest.c:46:21: warning: function declaration isn't a prototype [-Wstrict-prototypes]
conftest.c:47:14: warning: function declaration isn't a prototype [-Wstrict-prototypes]
configure:13656: $? = 0
configure:13664: result: inline
configure:13682: checking for size_t
configure:13682: gcc -c -g -O2 -Wall -Wcast-align -Wshadow -Wstrict-prototypes -Wpointer-arith -fPIC -DPIC  conftest.c >&5
conftest.c:78:1: warning: function declaration isn't a prototype [-Wstrict-prototypes]
configure:13682: $? = 0
configure:13682: gcc -c -g -O2 -Wall -Wcast-align -Wshadow -Wstrict-prototypes -Wpointer-arith -fPIC -DPIC  conftest.c >&5
conftest.c:78:1: warning: function declaration isn't a prototype [-Wstrict-prototypes]
conftest.c: In function 'main':
conftest.c:80:21: error: expected expression before ')' token
configure:13682: $? = 1
configure: failed program was:
| /* confdefs.h */
| #define PACKAGE_NAME "libassuan"
| #define PACKAGE_TARNAME "libassuan"
| #define PACKAGE_VERSION "2.0.3"
| #define PACKAGE_STRING "libassuan 2.0.3"
| #define PACKAGE_BUGREPORT "http://bugs.gnupg.org"
| #define PACKAGE_URL ""
| #define PACKAGE "libassuan"
| #define VERSION "2.0.3"
| #define STDC_HEADERS 1
| #define HAVE_SYS_TYPES_H 1
| #define HAVE_SYS_STAT_H 1
| #define HAVE_STDLIB_H 1
| #define HAVE_STRING_H 1
| #define HAVE_MEMORY_H 1
| #define HAVE_STRINGS_H 1
| #define HAVE_INTTYPES_H 1
| #define HAVE_STDINT_H 1
| #define HAVE_UNISTD_H 1
| #define __EXTENSIONS__ 1
| #define _ALL_SOURCE 1
| #define _GNU_SOURCE 1
| #define _POSIX_PTHREAD_SEMANTICS 1
| #define _TANDEM_SOURCE 1
| #define PACKAGE "libassuan"
| #define VERSION "2.0.3"
| #define PACKAGE_BUGREPORT "http://bugs.gnupg.org"
| #define HAVE_DLFCN_H 1
| #define LT_OBJDIR ".libs/"
| #define STDC_HEADERS 1
| #define HAVE_STRING_H 1
| #define HAVE_LOCALE_H 1
| #define HAVE_SYS_UIO_H 1
| #define HAVE_STDINT_H 1
| #define HAVE_INTTYPES_H 1
| #define HAVE_SYS_TYPES_H 1
| #define HAVE_SYS_STAT_H 1
| #define HAVE_UNISTD_H 1
| #define HAVE_SYS_TIME_H 1
| #define HAVE_FCNTL_H 1
| #define HAVE_SYS_SELECT_H 1
| #define HAVE_UINTPTR_T 1
| /* end confdefs.h.  */
| #include <stdio.h>
| #ifdef HAVE_SYS_TYPES_H
| # include <sys/types.h>
| #endif
| #ifdef HAVE_SYS_STAT_H
| # include <sys/stat.h>
| #endif
| #ifdef STDC_HEADERS
| # include <stdlib.h>
| # include <stddef.h>
| #else
| # ifdef HAVE_STDLIB_H
| #  include <stdlib.h>
| # endif
| #endif
| #ifdef HAVE_STRING_H
| # if !defined STDC_HEADERS && defined HAVE_MEMORY_H
| #  include <memory.h>
| # endif
| # include <string.h>
| #endif
| #ifdef HAVE_STRINGS_H
| # include <strings.h>
| #endif
| #ifdef HAVE_INTTYPES_H
| # include <inttypes.h>
| #endif
| #ifdef HAVE_STDINT_H
| # include <stdint.h>
| #endif
| #ifdef HAVE_UNISTD_H
| # include <unistd.h>
| #endif
| int
| main ()
| {
| if (sizeof ((size_t)))
| 	    return 0;
|   ;
|   return 0;
| }
configure:13682: result: yes
configure:13693: checking return type of signal handlers
configure:13711: gcc -c -g -O2 -Wall -Wcast-align -Wshadow -Wstrict-prototypes -Wpointer-arith -fPIC -DPIC  conftest.c >&5
conftest.c:48:1: warning: function declaration isn't a prototype [-Wstrict-prototypes]
conftest.c: In function 'main':
conftest.c:50:1: error: void value not ignored as it ought to be
configure:13711: $? = 1
configure: failed program was:
| /* confdefs.h */
| #define PACKAGE_NAME "libassuan"
| #define PACKAGE_TARNAME "libassuan"
| #define PACKAGE_VERSION "2.0.3"
| #define PACKAGE_STRING "libassuan 2.0.3"
| #define PACKAGE_BUGREPORT "http://bugs.gnupg.org"
| #define PACKAGE_URL ""
| #define PACKAGE "libassuan"
| #define VERSION "2.0.3"
| #define STDC_HEADERS 1
| #define HAVE_SYS_TYPES_H 1
| #define HAVE_SYS_STAT_H 1
| #define HAVE_STDLIB_H 1
| #define HAVE_STRING_H 1
| #define HAVE_MEMORY_H 1
| #define HAVE_STRINGS_H 1
| #define HAVE_INTTYPES_H 1
| #define HAVE_STDINT_H 1
| #define HAVE_UNISTD_H 1
| #define __EXTENSIONS__ 1
| #define _ALL_SOURCE 1
| #define _GNU_SOURCE 1
| #define _POSIX_PTHREAD_SEMANTICS 1
| #define _TANDEM_SOURCE 1
| #define PACKAGE "libassuan"
| #define VERSION "2.0.3"
| #define PACKAGE_BUGREPORT "http://bugs.gnupg.org"
| #define HAVE_DLFCN_H 1
| #define LT_OBJDIR ".libs/"
| #define STDC_HEADERS 1
| #define HAVE_STRING_H 1
| #define HAVE_LOCALE_H 1
| #define HAVE_SYS_UIO_H 1
| #define HAVE_STDINT_H 1
| #define HAVE_INTTYPES_H 1
| #define HAVE_SYS_TYPES_H 1
| #define HAVE_SYS_STAT_H 1
| #define HAVE_UNISTD_H 1
| #define HAVE_SYS_TIME_H 1
| #define HAVE_FCNTL_H 1
| #define HAVE_SYS_SELECT_H 1
| #define HAVE_UINTPTR_T 1
| /* end confdefs.h.  */
| #include <sys/types.h>
| #include <signal.h>
| 
| int
| main ()
| {
| return *(signal (0, 0)) (0) == 1;
|   ;
|   return 0;
| }
configure:13718: result: void
configure:13726: checking whether sys_siglist is declared
configure:13726: gcc -c -g -O2 -Wall -Wcast-align -Wshadow -Wstrict-prototypes -Wpointer-arith -fPIC -DPIC  conftest.c >&5
conftest.c:53:1: warning: function declaration isn't a prototype [-Wstrict-prototypes]
configure:13726: $? = 0
configure:13726: result: yes
configure:13748: checking sys/socket.h usability
configure:13748: gcc -c -g -O2 -Wall -Wcast-align -Wshadow -Wstrict-prototypes -Wpointer-arith -fPIC -DPIC  conftest.c >&5
configure:13748: $? = 0
configure:13748: result: yes
configure:13748: checking sys/socket.h presence
configure:13748: gcc -E  conftest.c
configure:13748: $? = 0
configure:13748: result: yes
configure:13748: checking for sys/socket.h
configure:13748: result: yes
configure:13787: checking for socklen_t
configure:13787: gcc -c -g -O2 -Wall -Wcast-align -Wshadow -Wstrict-prototypes -Wpointer-arith -fPIC -DPIC  conftest.c >&5
conftest.c:55:1: warning: function declaration isn't a prototype [-Wstrict-prototypes]
configure:13787: $? = 0
configure:13787: gcc -c -g -O2 -Wall -Wcast-align -Wshadow -Wstrict-prototypes -Wpointer-arith -fPIC -DPIC  conftest.c >&5
conftest.c:55:1: warning: function declaration isn't a prototype [-Wstrict-prototypes]
conftest.c: In function 'main':
conftest.c:57:24: error: expected expression before ')' token
configure:13787: $? = 1
configure: failed program was:
| /* confdefs.h */
| #define PACKAGE_NAME "libassuan"
| #define PACKAGE_TARNAME "libassuan"
| #define PACKAGE_VERSION "2.0.3"
| #define PACKAGE_STRING "libassuan 2.0.3"
| #define PACKAGE_BUGREPORT "http://bugs.gnupg.org"
| #define PACKAGE_URL ""
| #define PACKAGE "libassuan"
| #define VERSION "2.0.3"
| #define STDC_HEADERS 1
| #define HAVE_SYS_TYPES_H 1
| #define HAVE_SYS_STAT_H 1
| #define HAVE_STDLIB_H 1
| #define HAVE_STRING_H 1
| #define HAVE_MEMORY_H 1
| #define HAVE_STRINGS_H 1
| #define HAVE_INTTYPES_H 1
| #define HAVE_STDINT_H 1
| #define HAVE_UNISTD_H 1
| #define __EXTENSIONS__ 1
| #define _ALL_SOURCE 1
| #define _GNU_SOURCE 1
| #define _POSIX_PTHREAD_SEMANTICS 1
| #define _TANDEM_SOURCE 1
| #define PACKAGE "libassuan"
| #define VERSION "2.0.3"
| #define PACKAGE_BUGREPORT "http://bugs.gnupg.org"
| #define HAVE_DLFCN_H 1
| #define LT_OBJDIR ".libs/"
| #define STDC_HEADERS 1
| #define HAVE_STRING_H 1
| #define HAVE_LOCALE_H 1
| #define HAVE_SYS_UIO_H 1
| #define HAVE_STDINT_H 1
| #define HAVE_INTTYPES_H 1
| #define HAVE_SYS_TYPES_H 1
| #define HAVE_SYS_STAT_H 1
| #define HAVE_UNISTD_H 1
| #define HAVE_SYS_TIME_H 1
| #define HAVE_FCNTL_H 1
| #define HAVE_SYS_SELECT_H 1
| #define HAVE_UINTPTR_T 1
| #define RETSIGTYPE void
| #define HAVE_DECL_SYS_SIGLIST 1
| #define HAVE_SYS_SOCKET_H 1
| /* end confdefs.h.  */
| #include <sys/types.h>
|       #if HAVE_SYS_SOCKET_H
|       # include <sys/socket.h>
|       #elif HAVE_WS2TCPIP_H
|       # include <ws2tcpip.h>
|       #endif
| 
| int
| main ()
| {
| if (sizeof ((socklen_t)))
| 	    return 0;
|   ;
|   return 0;
| }
configure:13787: result: yes
configure:13846: checking for struct cmsghdr.cmsg_len
configure:13846: gcc -c -g -O2 -Wall -Wcast-align -Wshadow -Wstrict-prototypes -Wpointer-arith -fPIC -DPIC  conftest.c >&5
conftest.c:61:1: warning: function declaration isn't a prototype [-Wstrict-prototypes]
configure:13846: $? = 0
configure:13846: result: yes
configure:13962: checking for gpg-error-config
configure:13980: found /usr/local/bin/gpg-error-config
configure:13992: result: /usr/local/bin/gpg-error-config
configure:14015: checking for GPG Error - version >= 1.8
configure:14042: result: yes (1.9)
configure:14083: checking for flockfile
configure:14083: gcc -o conftest -g -O2 -Wall -Wcast-align -Wshadow -Wstrict-prototypes -Wpointer-arith -fPIC -DPIC   conftest.c  >&5
conftest.c:71:1: warning: function declaration isn't a prototype [-Wstrict-prototypes]
conftest.c:80:1: warning: function declaration isn't a prototype [-Wstrict-prototypes]
configure:14083: $? = 0
configure:14083: result: yes
configure:14083: checking for funlockfile
configure:14083: gcc -o conftest -g -O2 -Wall -Wcast-align -Wshadow -Wstrict-prototypes -Wpointer-arith -fPIC -DPIC   conftest.c  >&5
conftest.c:72:1: warning: function declaration isn't a prototype [-Wstrict-prototypes]
conftest.c:81:1: warning: function declaration isn't a prototype [-Wstrict-prototypes]
configure:14083: $? = 0
configure:14083: result: yes
configure:14083: checking for inet_pton
configure:14083: gcc -o conftest -g -O2 -Wall -Wcast-align -Wshadow -Wstrict-prototypes -Wpointer-arith -fPIC -DPIC   conftest.c  >&5
conftest.c:73:1: warning: function declaration isn't a prototype [-Wstrict-prototypes]
conftest.c:82:1: warning: function declaration isn't a prototype [-Wstrict-prototypes]
configure:14083: $? = 0
configure:14083: result: yes
configure:14097: checking for library containing nanosleep
configure:14128: gcc -o conftest -g -O2 -Wall -Wcast-align -Wshadow -Wstrict-prototypes -Wpointer-arith -fPIC -DPIC   conftest.c  >&5
conftest.c:58:1: warning: function declaration isn't a prototype [-Wstrict-prototypes]
conftest.c:60:1: warning: function declaration isn't a prototype [-Wstrict-prototypes]
configure:14128: $? = 0
configure:14145: result: none required
configure:14161: checking for funopen
configure:14161: gcc -o conftest -g -O2 -Wall -Wcast-align -Wshadow -Wstrict-prototypes -Wpointer-arith -fPIC -DPIC   conftest.c  >&5
conftest.c:75:1: warning: function declaration isn't a prototype [-Wstrict-prototypes]
conftest.c:84:1: warning: function declaration isn't a prototype [-Wstrict-prototypes]
/tmp/ccaCmFvP.o: In function `main':
/home/duli/test_work/gpg/source/libassuan-2.0.3/conftest.c:86: undefined reference to `funopen'
collect2: ld returned 1 exit status
configure:14161: $? = 1
configure: failed program was:
| /* confdefs.h */
| #define PACKAGE_NAME "libassuan"
| #define PACKAGE_TARNAME "libassuan"
| #define PACKAGE_VERSION "2.0.3"
| #define PACKAGE_STRING "libassuan 2.0.3"
| #define PACKAGE_BUGREPORT "http://bugs.gnupg.org"
| #define PACKAGE_URL ""
| #define PACKAGE "libassuan"
| #define VERSION "2.0.3"
| #define STDC_HEADERS 1
| #define HAVE_SYS_TYPES_H 1
| #define HAVE_SYS_STAT_H 1
| #define HAVE_STDLIB_H 1
| #define HAVE_STRING_H 1
| #define HAVE_MEMORY_H 1
| #define HAVE_STRINGS_H 1
| #define HAVE_INTTYPES_H 1
| #define HAVE_STDINT_H 1
| #define HAVE_UNISTD_H 1
| #define __EXTENSIONS__ 1
| #define _ALL_SOURCE 1
| #define _GNU_SOURCE 1
| #define _POSIX_PTHREAD_SEMANTICS 1
| #define _TANDEM_SOURCE 1
| #define PACKAGE "libassuan"
| #define VERSION "2.0.3"
| #define PACKAGE_BUGREPORT "http://bugs.gnupg.org"
| #define HAVE_DLFCN_H 1
| #define LT_OBJDIR ".libs/"
| #define STDC_HEADERS 1
| #define HAVE_STRING_H 1
| #define HAVE_LOCALE_H 1
| #define HAVE_SYS_UIO_H 1
| #define HAVE_STDINT_H 1
| #define HAVE_INTTYPES_H 1
| #define HAVE_SYS_TYPES_H 1
| #define HAVE_SYS_STAT_H 1
| #define HAVE_UNISTD_H 1
| #define HAVE_SYS_TIME_H 1
| #define HAVE_FCNTL_H 1
| #define HAVE_SYS_SELECT_H 1
| #define HAVE_UINTPTR_T 1
| #define RETSIGTYPE void
| #define HAVE_DECL_SYS_SIGLIST 1
| #define HAVE_SYS_SOCKET_H 1
| #define USE_DESCRIPTOR_PASSING 1
| #define HAVE_FLOCKFILE 1
| #define HAVE_FUNLOCKFILE 1
| #define HAVE_INET_PTON 1
| #define HAVE_NANOSLEEP 1
| /* end confdefs.h.  */
| /* Define funopen to an innocuous variant, in case <limits.h> declares funopen.
|    For example, HP-UX 11i <limits.h> declares gettimeofday.  */
| #define funopen innocuous_funopen
| 
| /* System header to define __stub macros and hopefully few prototypes,
|     which can conflict with char funopen (); below.
|     Prefer <limits.h> to <assert.h> if __STDC__ is defined, since
|     <limits.h> exists even on freestanding compilers.  */
| 
| #ifdef __STDC__
| # include <limits.h>
| #else
| # include <assert.h>
| #endif
| 
| #undef funopen
| 
| /* Override any GCC internal prototype to avoid an error.
|    Use char because int might match the return type of a GCC
|    builtin and then its argument prototype would still apply.  */
| #ifdef __cplusplus
| extern "C"
| #endif
| char funopen ();
| /* The GNU C library defines this for functions which it implements
|     to always fail with ENOSYS.  Some functions are actually named
|     something starting with __ and the normal name is an alias.  */
| #if defined __stub_funopen || defined __stub___funopen
| choke me
| #endif
| 
| int
| main ()
| {
| return funopen ();
|   ;
|   return 0;
| }
configure:14161: result: no
configure:14174: checking for fopencookie
configure:14174: gcc -o conftest -g -O2 -Wall -Wcast-align -Wshadow -Wstrict-prototypes -Wpointer-arith -fPIC -DPIC   conftest.c  >&5
conftest.c:75:1: warning: function declaration isn't a prototype [-Wstrict-prototypes]
conftest.c:84:1: warning: function declaration isn't a prototype [-Wstrict-prototypes]
configure:14174: $? = 0
configure:14174: result: yes
configure:14207: checking for isascii
configure:14207: gcc -o conftest -g -O2 -Wall -Wcast-align -Wshadow -Wstrict-prototypes -Wpointer-arith -fPIC -DPIC   conftest.c  >&5
conftest.c:76:1: warning: function declaration isn't a prototype [-Wstrict-prototypes]
conftest.c:76:6: warning: conflicting types for built-in function 'isascii' [enabled by default]
conftest.c:85:1: warning: function declaration isn't a prototype [-Wstrict-prototypes]
configure:14207: $? = 0
configure:14207: result: yes
configure:14221: checking for putc_unlocked
configure:14221: gcc -o conftest -g -O2 -Wall -Wcast-align -Wshadow -Wstrict-prototypes -Wpointer-arith -fPIC -DPIC   conftest.c  >&5
conftest.c:77:1: warning: function declaration isn't a prototype [-Wstrict-prototypes]
conftest.c:77:6: warning: conflicting types for built-in function 'putc_unlocked' [enabled by default]
conftest.c:86:1: warning: function declaration isn't a prototype [-Wstrict-prototypes]
configure:14221: $? = 0
configure:14221: result: yes
configure:14235: checking for memrchr
configure:14235: gcc -o conftest -g -O2 -Wall -Wcast-align -Wshadow -Wstrict-prototypes -Wpointer-arith -fPIC -DPIC   conftest.c  >&5
conftest.c:78:1: warning: function declaration isn't a prototype [-Wstrict-prototypes]
conftest.c:87:1: warning: function declaration isn't a prototype [-Wstrict-prototypes]
configure:14235: $? = 0
configure:14235: result: yes
configure:14249: checking for stpcpy
configure:14249: gcc -o conftest -g -O2 -Wall -Wcast-align -Wshadow -Wstrict-prototypes -Wpointer-arith -fPIC -DPIC   conftest.c  >&5
conftest.c:79:1: warning: function declaration isn't a prototype [-Wstrict-prototypes]
conftest.c:79:6: warning: conflicting types for built-in function 'stpcpy' [enabled by default]
conftest.c:88:1: warning: function declaration isn't a prototype [-Wstrict-prototypes]
configure:14249: $? = 0
configure:14249: result: yes
configure:14265: checking for unistd.h
configure:14265: result: yes
configure:14275: checking for setenv
configure:14275: gcc -o conftest -g -O2 -Wall -Wcast-align -Wshadow -Wstrict-prototypes -Wpointer-arith -fPIC -DPIC   conftest.c  >&5
conftest.c:81:1: warning: function declaration isn't a prototype [-Wstrict-prototypes]
conftest.c:90:1: warning: function declaration isn't a prototype [-Wstrict-prototypes]
configure:14275: $? = 0
configure:14275: result: yes
configure:14289: checking for vasprintf
configure:14289: gcc -o conftest -g -O2 -Wall -Wcast-align -Wshadow -Wstrict-prototypes -Wpointer-arith -fPIC -DPIC   conftest.c  >&5
conftest.c:82:1: warning: function declaration isn't a prototype [-Wstrict-prototypes]
conftest.c:91:1: warning: function declaration isn't a prototype [-Wstrict-prototypes]
configure:14289: $? = 0
configure:14289: result: yes
configure:14308: checking for SO_PEERCRED
configure:14326: gcc -c -g -O2 -Wall -Wcast-align -Wshadow -Wstrict-prototypes -Wpointer-arith -fPIC -DPIC  conftest.c >&5
conftest.c:62:1: warning: function declaration isn't a prototype [-Wstrict-prototypes]
conftest.c: In function 'main':
conftest.c:66:11: warning: pointer targets in passing argument 5 of 'getsockopt' differ in signedness [-Wpointer-sign]
/usr/include/x86_64-linux-gnu/sys/socket.h:190:12: note: expected 'socklen_t * __restrict__' but argument is of type 'int *'
configure:14326: $? = 0
configure:14335: result: yes
configure:14518: creating ./config.status

## ---------------------- ##
## Running config.status. ##
## ---------------------- ##

This file was extended by libassuan config.status 2.0.3, which was
generated by GNU Autoconf 2.68.  Invocation command line was

  CONFIG_FILES    = 
  CONFIG_HEADERS  = 
  CONFIG_LINKS    = 
  CONFIG_COMMANDS = 
  $ ./config.status 

on DuLi

config.status:1209: creating Makefile
config.status:1209: creating m4/Makefile
config.status:1209: creating src/Makefile
config.status:1209: creating doc/Makefile
config.status:1209: creating tests/Makefile
config.status:1209: creating src/libassuan-config
config.status:1209: creating src/versioninfo.rc
config.status:1209: creating config.h
config.status:1438: executing depfiles commands
config.status:1438: executing libtool commands

## ---------------- ##
## Cache variables. ##
## ---------------- ##

ac_cv_build=x86_64-unknown-linux-gnu
ac_cv_c_compiler_gnu=yes
ac_cv_c_const=yes
ac_cv_c_inline=inline
ac_cv_c_uint16_t=yes
ac_cv_env_CC_FOR_BUILD_set=
ac_cv_env_CC_FOR_BUILD_value=
ac_cv_env_CC_set=
ac_cv_env_CC_value=
ac_cv_env_CFLAGS_set=
ac_cv_env_CFLAGS_value=
ac_cv_env_CPPFLAGS_set=
ac_cv_env_CPPFLAGS_value=
ac_cv_env_CPP_set=
ac_cv_env_CPP_value=
ac_cv_env_LDFLAGS_set=
ac_cv_env_LDFLAGS_value=
ac_cv_env_LIBS_set=
ac_cv_env_LIBS_value=
ac_cv_env_build_alias_set=
ac_cv_env_build_alias_value=
ac_cv_env_host_alias_set=
ac_cv_env_host_alias_value=
ac_cv_env_target_alias_set=
ac_cv_env_target_alias_value=
ac_cv_func_flockfile=yes
ac_cv_func_fopencookie=yes
ac_cv_func_funlockfile=yes
ac_cv_func_funopen=no
ac_cv_func_inet_pton=yes
ac_cv_func_isascii=yes
ac_cv_func_memrchr=yes
ac_cv_func_putc_unlocked=yes
ac_cv_func_setenv=yes
ac_cv_func_setsockopt=yes
ac_cv_func_stpcpy=yes
ac_cv_func_vasprintf=yes
ac_cv_have_decl_sys_siglist=yes
ac_cv_header_dlfcn_h=yes
ac_cv_header_fcntl_h=yes
ac_cv_header_inttypes_h=yes
ac_cv_header_locale_h=yes
ac_cv_header_memory_h=yes
ac_cv_header_minix_config_h=no
ac_cv_header_stdc=yes
ac_cv_header_stdint_h=yes
ac_cv_header_stdlib_h=yes
ac_cv_header_string_h=yes
ac_cv_header_strings_h=yes
ac_cv_header_sys_select_h=yes
ac_cv_header_sys_socket_h=yes
ac_cv_header_sys_stat_h=yes
ac_cv_header_sys_time_h=yes
ac_cv_header_sys_types_h=yes
ac_cv_header_sys_uio_h=yes
ac_cv_header_unistd_h=yes
ac_cv_host=x86_64-unknown-linux-gnu
ac_cv_member_struct_cmsghdr_cmsg_len=yes
ac_cv_objext=o
ac_cv_path_EGREP='/bin/grep -E'
ac_cv_path_FGREP='/bin/grep -F'
ac_cv_path_GREP=/bin/grep
ac_cv_path_SED=/bin/sed
ac_cv_path_ac_pt_GPG_ERROR_CONFIG=/usr/local/bin/gpg-error-config
ac_cv_path_install='/usr/bin/install -c'
ac_cv_path_mkdir=/bin/mkdir
ac_cv_prog_AWK=gawk
ac_cv_prog_CPP='gcc -E'
ac_cv_prog_ac_ct_AR=ar
ac_cv_prog_ac_ct_CC=gcc
ac_cv_prog_ac_ct_MANIFEST_TOOL=mt
ac_cv_prog_ac_ct_OBJDUMP=objdump
ac_cv_prog_ac_ct_RANLIB=ranlib
ac_cv_prog_ac_ct_STRIP=strip
ac_cv_prog_cc_c89=
ac_cv_prog_cc_g=yes
ac_cv_prog_cc_gcc_c_o=yes
ac_cv_prog_make_make_set=yes
ac_cv_safe_to_define___extensions__=yes
ac_cv_search_nanosleep='none required'
ac_cv_type_signal=void
ac_cv_type_size_t=yes
ac_cv_type_socklen_t=yes
ac_cv_type_uintptr_t=yes
am_cv_CC_dependencies_compiler_type=gcc3
assuan_cv_sys_so_peercred=yes
lt_cv_ar_at_file=@
lt_cv_archive_cmds_need_lc=no
lt_cv_deplibs_check_method=pass_all
lt_cv_file_magic_cmd='$MAGIC_CMD'
lt_cv_file_magic_test_file=
lt_cv_ld_reload_flag=-r
lt_cv_nm_interface='BSD nm'
lt_cv_objdir=.libs
lt_cv_path_LD=/usr/bin/ld
lt_cv_path_NM='/usr/bin/nm -B'
lt_cv_path_mainfest_tool=no
lt_cv_prog_compiler_c_o=yes
lt_cv_prog_compiler_c_o_RC=yes
lt_cv_prog_compiler_pic='-fPIC -DPIC'
lt_cv_prog_compiler_pic_works=yes
lt_cv_prog_compiler_rtti_exceptions=no
lt_cv_prog_compiler_static_works=yes
lt_cv_prog_gnu_ld=yes
lt_cv_sharedlib_from_linklib_cmd='printf %s\n'
lt_cv_shlibpath_overrides_runpath=no
lt_cv_sys_global_symbol_pipe='sed -n -e '\''s/^.*[	 ]\([ABCDGIRSTW][ABCDGIRSTW]*\)[	 ][	 ]*\([_A-Za-z][_A-Za-z0-9]*\)$/\1 \2 \2/p'\'' | sed '\''/ __gnu_lto/d'\'''
lt_cv_sys_global_symbol_to_c_name_address='sed -n -e '\''s/^: \([^ ]*\)[ ]*$/  {\"\1\", (void *) 0},/p'\'' -e '\''s/^[ABCDGIRSTW]* \([^ ]*\) \([^ ]*\)$/  {"\2", (void *) \&\2},/p'\'''
lt_cv_sys_global_symbol_to_c_name_address_lib_prefix='sed -n -e '\''s/^: \([^ ]*\)[ ]*$/  {\"\1\", (void *) 0},/p'\'' -e '\''s/^[ABCDGIRSTW]* \([^ ]*\) \(lib[^ ]*\)$/  {"\2", (void *) \&\2},/p'\'' -e '\''s/^[ABCDGIRSTW]* \([^ ]*\) \([^ ]*\)$/  {"lib\2", (void *) \&\2},/p'\'''
lt_cv_sys_global_symbol_to_cdecl='sed -n -e '\''s/^T .* \(.*\)$/extern int \1();/p'\'' -e '\''s/^[ABCDGIRSTW]* .* \(.*\)$/extern char \1;/p'\'''
lt_cv_sys_max_cmd_len=1572864
lt_cv_to_host_file_cmd=func_convert_file_noop
lt_cv_to_tool_file_cmd=func_convert_file_noop

## ----------------- ##
## Output variables. ##
## ----------------- ##

ACLOCAL='${SHELL} /home/duli/test_work/gpg/source/libassuan-2.0.3/missing --run aclocal-1.11'
AMDEPBACKSLASH='\'
AMDEP_FALSE='#'
AMDEP_TRUE=''
AMTAR='${SHELL} /home/duli/test_work/gpg/source/libassuan-2.0.3/missing --run tar'
AR='ar'
AS='as'
AUTOCONF='${SHELL} /home/duli/test_work/gpg/source/libassuan-2.0.3/missing --run autoconf'
AUTOHEADER='${SHELL} /home/duli/test_work/gpg/source/libassuan-2.0.3/missing --run autoheader'
AUTOMAKE='${SHELL} /home/duli/test_work/gpg/source/libassuan-2.0.3/missing --run automake-1.11'
AWK='gawk'
BUILD_FILEVERSION=''
BUILD_REVISION='6e57396'
BUILD_TIMESTAMP=''
CC='gcc'
CCDEPMODE='depmode=gcc3'
CC_FOR_BUILD='gcc'
CFLAGS='-g -O2 -Wall -Wcast-align -Wshadow -Wstrict-prototypes -Wpointer-arith -fPIC -DPIC'
CPP='gcc -E'
CPPFLAGS=''
CYGPATH_W='echo'
DEFS='-DHAVE_CONFIG_H'
DEPDIR='.deps'
DLLTOOL='false'
DSYMUTIL=''
DUMPBIN=''
ECHO_C=''
ECHO_N='-n'
ECHO_T=''
EGREP='/bin/grep -E'
EXEEXT=''
FGREP='/bin/grep -F'
GPG_ERROR_CFLAGS='-I/usr/local/include'
GPG_ERROR_CONFIG='/usr/local/bin/gpg-error-config'
GPG_ERROR_LIBS='-L/usr/local/lib -lgpg-error'
GREP='/bin/grep'
HAVE_LD_VERSION_SCRIPT_FALSE='#'
HAVE_LD_VERSION_SCRIPT_TRUE=''
HAVE_W32CE_SYSTEM_FALSE=''
HAVE_W32CE_SYSTEM_TRUE='#'
HAVE_W32_SYSTEM_FALSE=''
HAVE_W32_SYSTEM_TRUE='#'
HAVE_W64_SYSTEM_FALSE=''
HAVE_W64_SYSTEM_TRUE='#'
INSTALL_DATA='${INSTALL} -m 644'
INSTALL_PROGRAM='${INSTALL}'
INSTALL_SCRIPT='${INSTALL}'
INSTALL_STRIP_PROGRAM='$(install_sh) -c -s'
LD='/usr/bin/ld -m elf_x86_64'
LDFLAGS=''
LIBASSUAN_CONFIG_API_VERSION='2'
LIBASSUAN_CONFIG_CFLAGS=''
LIBASSUAN_CONFIG_EXTRA_LIBS=''
LIBASSUAN_CONFIG_HOST='x86_64-unknown-linux-gnu'
LIBASSUAN_CONFIG_LIB='-lassuan'
LIBASSUAN_LT_AGE='3'
LIBASSUAN_LT_CURRENT='3'
LIBASSUAN_LT_REVISION='0'
LIBOBJS=' ${LIBOBJDIR}funopen$U.o'
LIBS=''
LIBTOOL='$(SHELL) $(top_builddir)/libtool'
LIPO=''
LN_S='ln -s'
LTLIBOBJS=' ${LIBOBJDIR}funopen$U.lo'
MAINT='#'
MAINTAINER_MODE_FALSE=''
MAINTAINER_MODE_TRUE='#'
MAKEINFO='${SHELL} /home/duli/test_work/gpg/source/libassuan-2.0.3/missing --run makeinfo'
MANIFEST_TOOL=':'
MKDIR_P='/bin/mkdir -p'
NETLIBS=''
NM='/usr/bin/nm -B'
NMEDIT=''
OBJDUMP='objdump'
OBJEXT='o'
OTOOL64=''
OTOOL=''
PACKAGE='libassuan'
PACKAGE_BUGREPORT='http://bugs.gnupg.org'
PACKAGE_NAME='libassuan'
PACKAGE_STRING='libassuan 2.0.3'
PACKAGE_TARNAME='libassuan'
PACKAGE_URL=''
PACKAGE_VERSION='2.0.3'
PATH_SEPARATOR=':'
RANLIB='ranlib'
RC=''
SED='/bin/sed'
SET_MAKE=''
SHELL='/bin/bash'
STRIP='strip'
SYS_SOCKET_H=''
USE_DESCRIPTOR_PASSING_FALSE='#'
USE_DESCRIPTOR_PASSING_TRUE=''
VERSION='2.0.3'
ac_ct_AR='ar'
ac_ct_CC='gcc'
ac_ct_DUMPBIN=''
am__EXEEXT_FALSE=''
am__EXEEXT_TRUE='#'
am__fastdepCC_FALSE='#'
am__fastdepCC_TRUE=''
am__include='include'
am__isrc=''
am__leading_dot='.'
am__quote=''
am__tar='${AMTAR} chof - "$$tardir"'
am__untar='${AMTAR} xf -'
bindir='${exec_prefix}/bin'
build='x86_64-unknown-linux-gnu'
build_alias=''
build_cpu='x86_64'
build_os='linux-gnu'
build_vendor='unknown'
datadir='${datarootdir}'
datarootdir='${prefix}/share'
docdir='${datarootdir}/doc/${PACKAGE_TARNAME}'
dvidir='${docdir}'
exec_prefix='${prefix}'
host='x86_64-unknown-linux-gnu'
host_alias=''
host_cpu='x86_64'
host_os='linux-gnu'
host_vendor='unknown'
htmldir='${docdir}'
includedir='${prefix}/include'
infodir='${datarootdir}/info'
install_sh='${SHELL} /home/duli/test_work/gpg/source/libassuan-2.0.3/install-sh'
libdir='${exec_prefix}/lib'
libexecdir='${exec_prefix}/libexec'
localedir='${datarootdir}/locale'
localstatedir='${prefix}/var'
mandir='${datarootdir}/man'
mkdir_p='/bin/mkdir -p'
oldincludedir='/usr/include'
pdfdir='${docdir}'
prefix='/usr/local'
program_transform_name='s,x,x,'
psdir='${docdir}'
sbindir='${exec_prefix}/sbin'
sharedstatedir='${prefix}/com'
sysconfdir='${prefix}/etc'
target_alias=''

## ----------- ##
## confdefs.h. ##
## ----------- ##

/* confdefs.h */
#define PACKAGE_NAME "libassuan"
#define PACKAGE_TARNAME "libassuan"
#define PACKAGE_VERSION "2.0.3"
#define PACKAGE_STRING "libassuan 2.0.3"
#define PACKAGE_BUGREPORT "http://bugs.gnupg.org"
#define PACKAGE_URL ""
#define PACKAGE "libassuan"
#define VERSION "2.0.3"
#define STDC_HEADERS 1
#define HAVE_SYS_TYPES_H 1
#define HAVE_SYS_STAT_H 1
#define HAVE_STDLIB_H 1
#define HAVE_STRING_H 1
#define HAVE_MEMORY_H 1
#define HAVE_STRINGS_H 1
#define HAVE_INTTYPES_H 1
#define HAVE_STDINT_H 1
#define HAVE_UNISTD_H 1
#define __EXTENSIONS__ 1
#define _ALL_SOURCE 1
#define _GNU_SOURCE 1
#define _POSIX_PTHREAD_SEMANTICS 1
#define _TANDEM_SOURCE 1
#define PACKAGE "libassuan"
#define VERSION "2.0.3"
#define PACKAGE_BUGREPORT "http://bugs.gnupg.org"
#define HAVE_DLFCN_H 1
#define LT_OBJDIR ".libs/"
#define STDC_HEADERS 1
#define HAVE_STRING_H 1
#define HAVE_LOCALE_H 1
#define HAVE_SYS_UIO_H 1
#define HAVE_STDINT_H 1
#define HAVE_INTTYPES_H 1
#define HAVE_SYS_TYPES_H 1
#define HAVE_SYS_STAT_H 1
#define HAVE_UNISTD_H 1
#define HAVE_SYS_TIME_H 1
#define HAVE_FCNTL_H 1
#define HAVE_SYS_SELECT_H 1
#define HAVE_UINTPTR_T 1
#define RETSIGTYPE void
#define HAVE_DECL_SYS_SIGLIST 1
#define HAVE_SYS_SOCKET_H 1
#define USE_DESCRIPTOR_PASSING 1
#define HAVE_FLOCKFILE 1
#define HAVE_FUNLOCKFILE 1
#define HAVE_INET_PTON 1
#define HAVE_NANOSLEEP 1
#define HAVE_FOPENCOOKIE 1
#define HAVE_ISASCII 1
#define HAVE_PUTC_UNLOCKED 1
#define HAVE_MEMRCHR 1
#define HAVE_STPCPY 1
#define HAVE_UNISTD_H 1
#define HAVE_SETENV 1
#define HAVE_VASPRINTF 1
#define HAVE_SO_PEERCRED 1

configure: exit 0
