This file contains any messages produced by compilers while
running configure, to aid debugging if configure makes a mistake.

It was created by libksba configure 1.3.0, which was
generated by GNU Autoconf 2.69.  Invocation command line was

  $ ./configure --host=arm-hisiv200-linux CC=arm-hisiv200-linux-gcc --prefix=/home/duli/test_work/gpg/install --with-gpg-error-prefix=/home/duli/test_work/gpg/install

## --------- ##
## Platform. ##
## --------- ##

hostname = DuLi
uname -m = x86_64
uname -r = 3.2.0-35-generic
uname -s = Linux
uname -v = #55-Ubuntu SMP Wed Dec 5 17:42:16 UTC 2012

/usr/bin/uname -p = unknown
/bin/uname -X     = unknown

/bin/arch              = unknown
/usr/bin/arch -k       = unknown
/usr/convex/getsysinfo = unknown
/usr/bin/hostinfo      = unknown
/bin/machine           = unknown
/usr/bin/oslevel       = unknown
/bin/universe          = unknown

PATH: /opt/hisi-linux/x86-arm/arm-hisiv200-linux/target/bin
PATH: /usr/local/bin/jdk1.7.0_07/bin
PATH: /usr/local/bin/4.3.2/bin
PATH: /usr/lib/lightdm/lightdm
PATH: /usr/local/sbin
PATH: /usr/local/bin
PATH: /usr/sbin
PATH: /usr/bin
PATH: /sbin
PATH: /bin
PATH: /usr/games


## ----------- ##
## Core tests. ##
## ----------- ##

configure:2556: checking for a BSD-compatible install
configure:2624: result: /usr/bin/install -c
configure:2635: checking whether build environment is sane
configure:2685: result: yes
configure:2734: checking for arm-hisiv200-linux-strip
configure:2750: found /opt/hisi-linux/x86-arm/arm-hisiv200-linux/target/bin/arm-hisiv200-linux-strip
configure:2761: result: arm-hisiv200-linux-strip
configure:2826: checking for a thread-safe mkdir -p
configure:2865: result: /bin/mkdir -p
configure:2878: checking for gawk
configure:2894: found /usr/bin/gawk
configure:2905: result: gawk
configure:2916: checking whether make sets $(MAKE)
configure:2938: result: yes
configure:3025: checking build system type
configure:3039: result: x86_64-unknown-linux-gnu
configure:3059: checking host system type
configure:3072: result: arm-hisiv200-linux-gnu
configure:3096: autobuild project... libksba
configure:3098: autobuild revision... 1.3.0
configure:3102: autobuild hostname... DuLi
configure:3111: autobuild timestamp... 20121221-093345
configure:3128: checking for style of include used by make
configure:3156: result: GNU
configure:3187: checking for arm-hisiv200-linux-gcc
configure:3214: result: arm-hisiv200-linux-gcc
configure:3483: checking for C compiler version
configure:3492: arm-hisiv200-linux-gcc --version >&5
arm-hisiv200-linux-gcc (Hisilicon_v200(gcc4.4-290+glibc-2.11+eabi+nptl)) 4.4.1
Copyright (C) 2009 Free Software Foundation, Inc.
This is free software; see the source for copying conditions.  There is NO
warranty; not even for MERCHANTABILITY or FITNESS FOR A PARTICULAR PURPOSE.

configure:3503: $? = 0
configure:3492: arm-hisiv200-linux-gcc -v >&5
Using built-in specs.
Target: arm-hisiv200-linux-gnueabi
Configured with: ../gcc-4.4-2010q1/configure --host=i686-pc-linux-gnu --build=i686-pc-linux-gnu --target=arm-hisiv200-linux-gnueabi --prefix=/home/c00132816/toolchain_glibc/install/arm-hisiv200-linux --enable-threads --disable-libmudflap --disable-libssp --disable-libstdcxx-pch --with-arch=armv5te --with-gnu-as --with-gnu-ld --enable-languages=c,c++ --enable-shared --enable-lto --enable-symvers=gnu --enable-__cxa_atexit --disable-nls --enable-extra-hisi-multilibs --with-sysroot=/home/c00132816/toolchain_glibc/install/arm-hisiv200-linux/target --with-build-sysroot=/home/c00132816/toolchain_glibc/install/arm-hisiv200-linux/target --with-gmp=/home/c00132816/toolchain_glibc/install/host_lib --with-mpfr=/home/c00132816/toolchain_glibc/install/host_lib --with-ppl=/home/c00132816/toolchain_glibc/install/host_lib --with-cloog=/home/c00132816/toolchain_glibc/install/host_lib --with-libelf=/home/c00132816/toolchain_glibc/install/host_lib --with-host-libstdcxx='-static-libgcc -Wl,-Bstatic,-lstdc++,-Bstatic -lm' --enable-libgomp --enable-poison-system-directories --with-libelf=/home/c00132816/toolchain_glibc/install/host_lib --with-pkgversion='Hisilicon_v200(gcc4.4-290+glibc-2.11+eabi+nptl)' --with-bugurl=http://www.hisilicon.com/cn/service/claim.html
Thread model: posix
gcc version 4.4.1 (Hisilicon_v200(gcc4.4-290+glibc-2.11+eabi+nptl)) 
configure:3503: $? = 0
configure:3492: arm-hisiv200-linux-gcc -V >&5
arm-hisiv200-linux-gcc: '-V' option must have argument
configure:3503: $? = 1
configure:3492: arm-hisiv200-linux-gcc -qversion >&5
arm-hisiv200-linux-gcc: unrecognized option '-qversion'
arm-hisiv200-linux-gcc: no input files
configure:3503: $? = 1
configure:3523: checking whether the C compiler works
configure:3545: arm-hisiv200-linux-gcc    conftest.c  >&5
configure:3549: $? = 0
configure:3597: result: yes
configure:3600: checking for C compiler default output file name
configure:3602: result: a.out
configure:3608: checking for suffix of executables
configure:3615: arm-hisiv200-linux-gcc -o conftest    conftest.c  >&5
configure:3619: $? = 0
configure:3641: result: 
configure:3663: checking whether we are cross compiling
configure:3671: arm-hisiv200-linux-gcc -o conftest    conftest.c  >&5
configure:3675: $? = 0
configure:3682: ./conftest
./configure: line 3684: ./conftest: cannot execute binary file
configure:3686: $? = 126
configure:3701: result: yes
configure:3706: checking for suffix of object files
configure:3728: arm-hisiv200-linux-gcc -c   conftest.c >&5
configure:3732: $? = 0
configure:3753: result: o
configure:3757: checking whether we are using the GNU C compiler
configure:3776: arm-hisiv200-linux-gcc -c   conftest.c >&5
configure:3776: $? = 0
configure:3785: result: yes
configure:3794: checking whether arm-hisiv200-linux-gcc accepts -g
configure:3814: arm-hisiv200-linux-gcc -c -g  conftest.c >&5
configure:3814: $? = 0
configure:3855: result: yes
configure:3872: checking for arm-hisiv200-linux-gcc option to accept ISO C89
configure:3935: arm-hisiv200-linux-gcc  -c -g -O2  conftest.c >&5
configure:3935: $? = 0
configure:3948: result: none needed
configure:3970: checking dependency style of arm-hisiv200-linux-gcc
configure:4081: result: gcc3
configure:4102: checking how to run the C preprocessor
configure:4133: arm-hisiv200-linux-gcc -E  conftest.c
configure:4133: $? = 0
configure:4147: arm-hisiv200-linux-gcc -E  conftest.c
conftest.c:11: fatal error: ac_nonexistent.h: No such file or directory
compilation terminated.
configure:4147: $? = 1
configure: failed program was:
| /* confdefs.h */
| #define PACKAGE_NAME "libksba"
| #define PACKAGE_TARNAME "libksba"
| #define PACKAGE_VERSION "1.3.0"
| #define PACKAGE_STRING "libksba 1.3.0"
| #define PACKAGE_BUGREPORT "http://bugs.gnupg.org"
| #define PACKAGE_URL ""
| #define PACKAGE "libksba"
| #define VERSION "1.3.0"
| /* end confdefs.h.  */
| #include <ac_nonexistent.h>
configure:4172: result: arm-hisiv200-linux-gcc -E
configure:4192: arm-hisiv200-linux-gcc -E  conftest.c
configure:4192: $? = 0
configure:4206: arm-hisiv200-linux-gcc -E  conftest.c
conftest.c:11: fatal error: ac_nonexistent.h: No such file or directory
compilation terminated.
configure:4206: $? = 1
configure: failed program was:
| /* confdefs.h */
| #define PACKAGE_NAME "libksba"
| #define PACKAGE_TARNAME "libksba"
| #define PACKAGE_VERSION "1.3.0"
| #define PACKAGE_STRING "libksba 1.3.0"
| #define PACKAGE_BUGREPORT "http://bugs.gnupg.org"
| #define PACKAGE_URL ""
| #define PACKAGE "libksba"
| #define VERSION "1.3.0"
| /* end confdefs.h.  */
| #include <ac_nonexistent.h>
configure:4235: checking for grep that handles long lines and -e
configure:4293: result: /bin/grep
configure:4298: checking for egrep
configure:4360: result: /bin/grep -E
configure:4365: checking for ANSI C header files
configure:4385: arm-hisiv200-linux-gcc -c -g -O2  conftest.c >&5
configure:4385: $? = 0
configure:4469: result: yes
configure:4482: checking for sys/types.h
configure:4482: arm-hisiv200-linux-gcc -c -g -O2  conftest.c >&5
configure:4482: $? = 0
configure:4482: result: yes
configure:4482: checking for sys/stat.h
configure:4482: arm-hisiv200-linux-gcc -c -g -O2  conftest.c >&5
configure:4482: $? = 0
configure:4482: result: yes
configure:4482: checking for stdlib.h
configure:4482: arm-hisiv200-linux-gcc -c -g -O2  conftest.c >&5
configure:4482: $? = 0
configure:4482: result: yes
configure:4482: checking for string.h
configure:4482: arm-hisiv200-linux-gcc -c -g -O2  conftest.c >&5
configure:4482: $? = 0
configure:4482: result: yes
configure:4482: checking for memory.h
configure:4482: arm-hisiv200-linux-gcc -c -g -O2  conftest.c >&5
configure:4482: $? = 0
configure:4482: result: yes
configure:4482: checking for strings.h
configure:4482: arm-hisiv200-linux-gcc -c -g -O2  conftest.c >&5
configure:4482: $? = 0
configure:4482: result: yes
configure:4482: checking for inttypes.h
configure:4482: arm-hisiv200-linux-gcc -c -g -O2  conftest.c >&5
configure:4482: $? = 0
configure:4482: result: yes
configure:4482: checking for stdint.h
configure:4482: arm-hisiv200-linux-gcc -c -g -O2  conftest.c >&5
configure:4482: $? = 0
configure:4482: result: yes
configure:4482: checking for unistd.h
configure:4482: arm-hisiv200-linux-gcc -c -g -O2  conftest.c >&5
configure:4482: $? = 0
configure:4482: result: yes
configure:4495: checking minix/config.h usability
configure:4495: arm-hisiv200-linux-gcc -c -g -O2  conftest.c >&5
conftest.c:54: fatal error: minix/config.h: No such file or directory
compilation terminated.
configure:4495: $? = 1
configure: failed program was:
| /* confdefs.h */
| #define PACKAGE_NAME "libksba"
| #define PACKAGE_TARNAME "libksba"
| #define PACKAGE_VERSION "1.3.0"
| #define PACKAGE_STRING "libksba 1.3.0"
| #define PACKAGE_BUGREPORT "http://bugs.gnupg.org"
| #define PACKAGE_URL ""
| #define PACKAGE "libksba"
| #define VERSION "1.3.0"
| #define STDC_HEADERS 1
| #define HAVE_SYS_TYPES_H 1
| #define HAVE_SYS_STAT_H 1
| #define HAVE_STDLIB_H 1
| #define HAVE_STRING_H 1
| #define HAVE_MEMORY_H 1
| #define HAVE_STRINGS_H 1
| #define HAVE_INTTYPES_H 1
| #define HAVE_STDINT_H 1
| #define HAVE_UNISTD_H 1
| /* end confdefs.h.  */
| #include <stdio.h>
| #ifdef HAVE_SYS_TYPES_H
| # include <sys/types.h>
| #endif
| #ifdef HAVE_SYS_STAT_H
| # include <sys/stat.h>
| #endif
| #ifdef STDC_HEADERS
| # include <stdlib.h>
| # include <stddef.h>
| #else
| # ifdef HAVE_STDLIB_H
| #  include <stdlib.h>
| # endif
| #endif
| #ifdef HAVE_STRING_H
| # if !defined STDC_HEADERS && defined HAVE_MEMORY_H
| #  include <memory.h>
| # endif
| # include <string.h>
| #endif
| #ifdef HAVE_STRINGS_H
| # include <strings.h>
| #endif
| #ifdef HAVE_INTTYPES_H
| # include <inttypes.h>
| #endif
| #ifdef HAVE_STDINT_H
| # include <stdint.h>
| #endif
| #ifdef HAVE_UNISTD_H
| # include <unistd.h>
| #endif
| #include <minix/config.h>
configure:4495: result: no
configure:4495: checking minix/config.h presence
configure:4495: arm-hisiv200-linux-gcc -E  conftest.c
conftest.c:21: fatal error: minix/config.h: No such file or directory
compilation terminated.
configure:4495: $? = 1
configure: failed program was:
| /* confdefs.h */
| #define PACKAGE_NAME "libksba"
| #define PACKAGE_TARNAME "libksba"
| #define PACKAGE_VERSION "1.3.0"
| #define PACKAGE_STRING "libksba 1.3.0"
| #define PACKAGE_BUGREPORT "http://bugs.gnupg.org"
| #define PACKAGE_URL ""
| #define PACKAGE "libksba"
| #define VERSION "1.3.0"
| #define STDC_HEADERS 1
| #define HAVE_SYS_TYPES_H 1
| #define HAVE_SYS_STAT_H 1
| #define HAVE_STDLIB_H 1
| #define HAVE_STRING_H 1
| #define HAVE_MEMORY_H 1
| #define HAVE_STRINGS_H 1
| #define HAVE_INTTYPES_H 1
| #define HAVE_STDINT_H 1
| #define HAVE_UNISTD_H 1
| /* end confdefs.h.  */
| #include <minix/config.h>
configure:4495: result: no
configure:4495: checking for minix/config.h
configure:4495: result: no
configure:4516: checking whether it is safe to define __EXTENSIONS__
configure:4534: arm-hisiv200-linux-gcc -c -g -O2  conftest.c >&5
configure:4534: $? = 0
configure:4541: result: yes
configure:4604: checking how to print strings
configure:4631: result: printf
configure:4652: checking for a sed that does not truncate output
configure:4716: result: /bin/sed
configure:4734: checking for fgrep
configure:4796: result: /bin/grep -F
configure:4831: checking for ld used by arm-hisiv200-linux-gcc
configure:4898: result: /opt/hisi-linux/x86-arm/arm-hisiv200-linux/arm-hisiv200-linux-gnueabi/bin/ld
configure:4905: checking if the linker (/opt/hisi-linux/x86-arm/arm-hisiv200-linux/arm-hisiv200-linux-gnueabi/bin/ld) is GNU ld
configure:4920: result: yes
configure:4932: checking for BSD- or MS-compatible name lister (nm)
configure:4981: result: /opt/hisi-linux/x86-arm/arm-hisiv200-linux/target/bin/arm-hisiv200-linux-nm -B
configure:5111: checking the name lister (/opt/hisi-linux/x86-arm/arm-hisiv200-linux/target/bin/arm-hisiv200-linux-nm -B) interface
configure:5118: arm-hisiv200-linux-gcc -c -g -O2  conftest.c >&5
configure:5121: /opt/hisi-linux/x86-arm/arm-hisiv200-linux/target/bin/arm-hisiv200-linux-nm -B "conftest.o"
configure:5124: output
00000000 B some_variable
configure:5131: result: BSD nm
configure:5134: checking whether ln -s works
configure:5138: result: yes
configure:5146: checking the maximum length of command line arguments
configure:5276: result: 1572864
configure:5293: checking whether the shell understands some XSI constructs
configure:5303: result: yes
configure:5307: checking whether the shell understands "+="
configure:5313: result: yes
configure:5348: checking how to convert x86_64-unknown-linux-gnu file names to arm-hisiv200-linux-gnu format
configure:5388: result: func_convert_file_noop
configure:5395: checking how to convert x86_64-unknown-linux-gnu file names to toolchain format
configure:5415: result: func_convert_file_noop
configure:5422: checking for /opt/hisi-linux/x86-arm/arm-hisiv200-linux/arm-hisiv200-linux-gnueabi/bin/ld option to reload object files
configure:5429: result: -r
configure:5463: checking for arm-hisiv200-linux-objdump
configure:5479: found /opt/hisi-linux/x86-arm/arm-hisiv200-linux/target/bin/arm-hisiv200-linux-objdump
configure:5490: result: arm-hisiv200-linux-objdump
configure:5559: checking how to recognize dependent libraries
configure:5761: result: pass_all
configure:5806: checking for arm-hisiv200-linux-dlltool
configure:5836: result: no
configure:5846: checking for dlltool
configure:5876: result: no
configure:5903: checking how to associate runtime and link libraries
configure:5930: result: printf %s\n
configure:5946: checking for arm-hisiv200-linux-ar
configure:5962: found /opt/hisi-linux/x86-arm/arm-hisiv200-linux/target/bin/arm-hisiv200-linux-ar
configure:5973: result: arm-hisiv200-linux-ar
configure:6054: checking for archiver @FILE support
configure:6071: arm-hisiv200-linux-gcc -c -g -O2  conftest.c >&5
configure:6071: $? = 0
configure:6074: arm-hisiv200-linux-ar cru libconftest.a @conftest.lst >&5
configure:6077: $? = 0
configure:6082: arm-hisiv200-linux-ar cru libconftest.a @conftest.lst >&5
arm-hisiv200-linux-ar: conftest.o: No such file or directory
configure:6085: $? = 1
configure:6097: result: @
configure:6115: checking for arm-hisiv200-linux-strip
configure:6142: result: arm-hisiv200-linux-strip
configure:6214: checking for arm-hisiv200-linux-ranlib
configure:6230: found /opt/hisi-linux/x86-arm/arm-hisiv200-linux/target/bin/arm-hisiv200-linux-ranlib
configure:6241: result: arm-hisiv200-linux-ranlib
configure:6383: checking command to parse /opt/hisi-linux/x86-arm/arm-hisiv200-linux/target/bin/arm-hisiv200-linux-nm -B output from arm-hisiv200-linux-gcc object
configure:6503: arm-hisiv200-linux-gcc -c -g -O2  conftest.c >&5
configure:6506: $? = 0
configure:6510: /opt/hisi-linux/x86-arm/arm-hisiv200-linux/target/bin/arm-hisiv200-linux-nm -B conftest.o \| sed -n -e 's/^.*[ ]\([ABCDGIRSTW][ABCDGIRSTW]*\)[ ][ ]*\([_A-Za-z][_A-Za-z0-9]*\)$/\1 \2 \2/p' | sed '/ __gnu_lto/d' \> conftest.nm
configure:6513: $? = 0
configure:6579: arm-hisiv200-linux-gcc -o conftest -g -O2   conftest.c conftstm.o >&5
configure:6582: $? = 0
configure:6620: result: ok
configure:6657: checking for sysroot
configure:6687: result: no
configure:6903: checking for arm-hisiv200-linux-mt
configure:6933: result: no
configure:6943: checking for mt
configure:6959: found /bin/mt
configure:6970: result: mt
configure:6982: WARNING: using cross tools not prefixed with host triplet
configure:6993: checking if mt is a manifest tool
configure:6999: mt '-?'
configure:7007: result: no
configure:7646: checking for dlfcn.h
configure:7646: arm-hisiv200-linux-gcc -c -g -O2  conftest.c >&5
configure:7646: $? = 0
configure:7646: result: yes
configure:8149: checking for objdir
configure:8164: result: .libs
configure:8435: checking if arm-hisiv200-linux-gcc supports -fno-rtti -fno-exceptions
configure:8453: arm-hisiv200-linux-gcc -c -g -O2  -fno-rtti -fno-exceptions conftest.c >&5
cc1: warning: command line option "-fno-rtti" is valid for C++/ObjC++ but not for C
configure:8457: $? = 0
configure:8470: result: no
configure:8797: checking for arm-hisiv200-linux-gcc option to produce PIC
configure:8804: result: -fPIC -DPIC
configure:8812: checking if arm-hisiv200-linux-gcc PIC flag -fPIC -DPIC works
configure:8830: arm-hisiv200-linux-gcc -c -g -O2  -fPIC -DPIC -DPIC conftest.c >&5
configure:8834: $? = 0
configure:8847: result: yes
configure:8876: checking if arm-hisiv200-linux-gcc static flag -static works
configure:8904: result: yes
configure:8919: checking if arm-hisiv200-linux-gcc supports -c -o file.o
configure:8940: arm-hisiv200-linux-gcc -c -g -O2  -o out/conftest2.o conftest.c >&5
configure:8944: $? = 0
configure:8966: result: yes
configure:8974: checking if arm-hisiv200-linux-gcc supports -c -o file.o
configure:9021: result: yes
configure:9054: checking whether the arm-hisiv200-linux-gcc linker (/opt/hisi-linux/x86-arm/arm-hisiv200-linux/arm-hisiv200-linux-gnueabi/bin/ld) supports shared libraries
configure:10211: result: yes
configure:10248: checking whether -lc should be explicitly linked in
configure:10256: arm-hisiv200-linux-gcc -c -g -O2  conftest.c >&5
configure:10259: $? = 0
configure:10274: arm-hisiv200-linux-gcc -shared  -fPIC -DPIC conftest.o  -v -Wl,-soname -Wl,conftest -o conftest 2\>\&1 \| /bin/grep  -lc  \>/dev/null 2\>\&1
configure:10277: $? = 0
configure:10291: result: no
configure:10451: checking dynamic linker characteristics
configure:10962: arm-hisiv200-linux-gcc -o conftest -g -O2   -Wl,-rpath -Wl,/foo conftest.c  >&5
configure:10962: $? = 0
configure:11196: result: GNU/Linux ld.so
configure:11303: checking how to hardcode library paths into programs
configure:11328: result: immediate
configure:11868: checking whether stripping libraries is possible
configure:11873: result: yes
configure:11908: checking if libtool supports shared libraries
configure:11910: result: yes
configure:11913: checking whether to build shared libraries
configure:11934: result: yes
configure:11937: checking whether to build static libraries
configure:11941: result: no
configure:11981: checking for arm-hisiv200-linux-windres
configure:12011: result: no
configure:12021: checking for windres
configure:12051: result: no
configure:12157: checking whether to enable maintainer-specific portions of Makefiles
configure:12166: result: no
configure:12224: checking for gawk
configure:12251: result: gawk
configure:12270: checking for arm-hisiv200-linux-gcc
configure:12297: result: arm-hisiv200-linux-gcc
configure:12566: checking for C compiler version
configure:12575: arm-hisiv200-linux-gcc --version >&5
arm-hisiv200-linux-gcc (Hisilicon_v200(gcc4.4-290+glibc-2.11+eabi+nptl)) 4.4.1
Copyright (C) 2009 Free Software Foundation, Inc.
This is free software; see the source for copying conditions.  There is NO
warranty; not even for MERCHANTABILITY or FITNESS FOR A PARTICULAR PURPOSE.

configure:12586: $? = 0
configure:12575: arm-hisiv200-linux-gcc -v >&5
Using built-in specs.
Target: arm-hisiv200-linux-gnueabi
Configured with: ../gcc-4.4-2010q1/configure --host=i686-pc-linux-gnu --build=i686-pc-linux-gnu --target=arm-hisiv200-linux-gnueabi --prefix=/home/c00132816/toolchain_glibc/install/arm-hisiv200-linux --enable-threads --disable-libmudflap --disable-libssp --disable-libstdcxx-pch --with-arch=armv5te --with-gnu-as --with-gnu-ld --enable-languages=c,c++ --enable-shared --enable-lto --enable-symvers=gnu --enable-__cxa_atexit --disable-nls --enable-extra-hisi-multilibs --with-sysroot=/home/c00132816/toolchain_glibc/install/arm-hisiv200-linux/target --with-build-sysroot=/home/c00132816/toolchain_glibc/install/arm-hisiv200-linux/target --with-gmp=/home/c00132816/toolchain_glibc/install/host_lib --with-mpfr=/home/c00132816/toolchain_glibc/install/host_lib --with-ppl=/home/c00132816/toolchain_glibc/install/host_lib --with-cloog=/home/c00132816/toolchain_glibc/install/host_lib --with-libelf=/home/c00132816/toolchain_glibc/install/host_lib --with-host-libstdcxx='-static-libgcc -Wl,-Bstatic,-lstdc++,-Bstatic -lm' --enable-libgomp --enable-poison-system-directories --with-libelf=/home/c00132816/toolchain_glibc/install/host_lib --with-pkgversion='Hisilicon_v200(gcc4.4-290+glibc-2.11+eabi+nptl)' --with-bugurl=http://www.hisilicon.com/cn/service/claim.html
Thread model: posix
gcc version 4.4.1 (Hisilicon_v200(gcc4.4-290+glibc-2.11+eabi+nptl)) 
configure:12586: $? = 0
configure:12575: arm-hisiv200-linux-gcc -V >&5
arm-hisiv200-linux-gcc: '-V' option must have argument
configure:12586: $? = 1
configure:12575: arm-hisiv200-linux-gcc -qversion >&5
arm-hisiv200-linux-gcc: unrecognized option '-qversion'
arm-hisiv200-linux-gcc: no input files
configure:12586: $? = 1
configure:12590: checking whether we are using the GNU C compiler
configure:12618: result: yes
configure:12627: checking whether arm-hisiv200-linux-gcc accepts -g
configure:12688: result: yes
configure:12705: checking for arm-hisiv200-linux-gcc option to accept ISO C89
configure:12781: result: none needed
configure:12803: checking dependency style of arm-hisiv200-linux-gcc
configure:12914: result: gcc3
configure:12934: checking how to run the C preprocessor
configure:13004: result: arm-hisiv200-linux-gcc -E
configure:13024: arm-hisiv200-linux-gcc -E  conftest.c
configure:13024: $? = 0
configure:13038: arm-hisiv200-linux-gcc -E  conftest.c
conftest.c:30: fatal error: ac_nonexistent.h: No such file or directory
compilation terminated.
configure:13038: $? = 1
configure: failed program was:
| /* confdefs.h */
| #define PACKAGE_NAME "libksba"
| #define PACKAGE_TARNAME "libksba"
| #define PACKAGE_VERSION "1.3.0"
| #define PACKAGE_STRING "libksba 1.3.0"
| #define PACKAGE_BUGREPORT "http://bugs.gnupg.org"
| #define PACKAGE_URL ""
| #define PACKAGE "libksba"
| #define VERSION "1.3.0"
| #define STDC_HEADERS 1
| #define HAVE_SYS_TYPES_H 1
| #define HAVE_SYS_STAT_H 1
| #define HAVE_STDLIB_H 1
| #define HAVE_STRING_H 1
| #define HAVE_MEMORY_H 1
| #define HAVE_STRINGS_H 1
| #define HAVE_INTTYPES_H 1
| #define HAVE_STDINT_H 1
| #define HAVE_UNISTD_H 1
| #define __EXTENSIONS__ 1
| #define _ALL_SOURCE 1
| #define _GNU_SOURCE 1
| #define _POSIX_PTHREAD_SEMANTICS 1
| #define _TANDEM_SOURCE 1
| #define HAVE_DLFCN_H 1
| #define LT_OBJDIR ".libs/"
| #define PACKAGE "libksba"
| #define VERSION "1.3.0"
| /* end confdefs.h.  */
| #include <ac_nonexistent.h>
configure:13067: checking whether arm-hisiv200-linux-gcc and cc understand -c and -o together
configure:13098: arm-hisiv200-linux-gcc -c conftest.c -o conftest2.o >&5
configure:13102: $? = 0
configure:13108: arm-hisiv200-linux-gcc -c conftest.c -o conftest2.o >&5
configure:13112: $? = 0
configure:13123: cc -c conftest.c >&5
configure:13127: $? = 0
configure:13135: cc -c conftest.c -o conftest2.o >&5
configure:13139: $? = 0
configure:13145: cc -c conftest.c -o conftest2.o >&5
configure:13149: $? = 0
configure:13167: result: yes
configure:13196: checking whether ln -s works
configure:13200: result: yes
configure:13207: checking whether make sets $(MAKE)
configure:13229: result: yes
configure:13245: checking for bison
configure:13261: found /usr/bin/bison
configure:13272: result: bison -y
configure:13284: checking for inline
configure:13300: arm-hisiv200-linux-gcc -c -g -O2  conftest.c >&5
configure:13300: $? = 0
configure:13308: result: inline
configure:13330: checking for cc for build
configure:13337: result: cc
configure:13417: checking if gcc supports -Wpointer-arith
configure:13432: arm-hisiv200-linux-gcc -c -Wpointer-arith  conftest.c >&5
configure:13432: $? = 0
configure:13438: result: yes
configure:13445: checking if gcc supports -Wno-pointer-sign
configure:13460: arm-hisiv200-linux-gcc -c -Wno-pointer-sign  conftest.c >&5
configure:13460: $? = 0
configure:13466: result: yes
configure:13548: checking whether the visibility attribute is supported
configure:13571: result: yes
configure:13574: checking for broken visibility attribute
configure:13598: result: no
configure:13602: checking for broken alias attribute
configure:13628: result: no
configure:13632: checking if gcc supports -fvisibility=hidden
configure:13651: arm-hisiv200-linux-gcc -c -fvisibility=hidden  conftest.c >&5
configure:13651: $? = 0
configure:13658: result: yes
configure:13704: checking for arm-hisiv200-linux-gpg-error-config
configure:13734: result: /home/duli/test_work/gpg/install/bin/gpg-error-config
configure:13800: checking for GPG Error - version >= 1.8
configure:13826: result: yes (1.9)
configure:13871: checking for ANSI C header files
configure:13975: result: yes
configure:13985: checking for string.h
configure:13985: result: yes
configure:13997: checking for an ANSI C-conforming const
configure:14063: arm-hisiv200-linux-gcc -c -g -O2 -Wall -Wcast-align -Wshadow -Wstrict-prototypes -Wpointer-arith -Wno-pointer-sign -fvisibility=hidden  conftest.c >&5
conftest.c:37: warning: function declaration isn't a prototype
configure:14063: $? = 0
configure:14070: result: yes
configure:14079: checking whether byte ordering is bigendian
configure:14094: arm-hisiv200-linux-gcc -c -g -O2 -Wall -Wcast-align -Wshadow -Wstrict-prototypes -Wpointer-arith -Wno-pointer-sign -fvisibility=hidden  conftest.c >&5
conftest.c:35: error: expected '=', ',', ';', 'asm' or '__attribute__' before 'a'
configure:14094: $? = 1
configure: failed program was:
| /* confdefs.h */
| #define PACKAGE_NAME "libksba"
| #define PACKAGE_TARNAME "libksba"
| #define PACKAGE_VERSION "1.3.0"
| #define PACKAGE_STRING "libksba 1.3.0"
| #define PACKAGE_BUGREPORT "http://bugs.gnupg.org"
| #define PACKAGE_URL ""
| #define PACKAGE "libksba"
| #define VERSION "1.3.0"
| #define STDC_HEADERS 1
| #define HAVE_SYS_TYPES_H 1
| #define HAVE_SYS_STAT_H 1
| #define HAVE_STDLIB_H 1
| #define HAVE_STRING_H 1
| #define HAVE_MEMORY_H 1
| #define HAVE_STRINGS_H 1
| #define HAVE_INTTYPES_H 1
| #define HAVE_STDINT_H 1
| #define HAVE_UNISTD_H 1
| #define __EXTENSIONS__ 1
| #define _ALL_SOURCE 1
| #define _GNU_SOURCE 1
| #define _POSIX_PTHREAD_SEMANTICS 1
| #define _TANDEM_SOURCE 1
| #define HAVE_DLFCN_H 1
| #define LT_OBJDIR ".libs/"
| #define PACKAGE "libksba"
| #define VERSION "1.3.0"
| #define KSBA_USE_VISIBILITY 1
| #define GPG_ERR_SOURCE_DEFAULT GPG_ERR_SOURCE_KSBA
| #define STDC_HEADERS 1
| #define HAVE_STRING_H 1
| /* end confdefs.h.  */
| #ifndef __APPLE_CC__
| 	       not a universal capable compiler
| 	     #endif
| 	     typedef int dummy;
| 
configure:14139: arm-hisiv200-linux-gcc -c -g -O2 -Wall -Wcast-align -Wshadow -Wstrict-prototypes -Wpointer-arith -Wno-pointer-sign -fvisibility=hidden  conftest.c >&5
conftest.c:39: warning: function declaration isn't a prototype
configure:14139: $? = 0
configure:14157: arm-hisiv200-linux-gcc -c -g -O2 -Wall -Wcast-align -Wshadow -Wstrict-prototypes -Wpointer-arith -Wno-pointer-sign -fvisibility=hidden  conftest.c >&5
conftest.c:39: warning: function declaration isn't a prototype
conftest.c: In function 'main':
conftest.c:41: error: 'not' undeclared (first use in this function)
conftest.c:41: error: (Each undeclared identifier is reported only once
conftest.c:41: error: for each function it appears in.)
conftest.c:41: error: expected ';' before 'big'
configure:14157: $? = 1
configure: failed program was:
| /* confdefs.h */
| #define PACKAGE_NAME "libksba"
| #define PACKAGE_TARNAME "libksba"
| #define PACKAGE_VERSION "1.3.0"
| #define PACKAGE_STRING "libksba 1.3.0"
| #define PACKAGE_BUGREPORT "http://bugs.gnupg.org"
| #define PACKAGE_URL ""
| #define PACKAGE "libksba"
| #define VERSION "1.3.0"
| #define STDC_HEADERS 1
| #define HAVE_SYS_TYPES_H 1
| #define HAVE_SYS_STAT_H 1
| #define HAVE_STDLIB_H 1
| #define HAVE_STRING_H 1
| #define HAVE_MEMORY_H 1
| #define HAVE_STRINGS_H 1
| #define HAVE_INTTYPES_H 1
| #define HAVE_STDINT_H 1
| #define HAVE_UNISTD_H 1
| #define __EXTENSIONS__ 1
| #define _ALL_SOURCE 1
| #define _GNU_SOURCE 1
| #define _POSIX_PTHREAD_SEMANTICS 1
| #define _TANDEM_SOURCE 1
| #define HAVE_DLFCN_H 1
| #define LT_OBJDIR ".libs/"
| #define PACKAGE "libksba"
| #define VERSION "1.3.0"
| #define KSBA_USE_VISIBILITY 1
| #define GPG_ERR_SOURCE_DEFAULT GPG_ERR_SOURCE_KSBA
| #define STDC_HEADERS 1
| #define HAVE_STRING_H 1
| /* end confdefs.h.  */
| #include <sys/types.h>
| 		#include <sys/param.h>
| 
| int
| main ()
| {
| #if BYTE_ORDER != BIG_ENDIAN
| 		 not big endian
| 		#endif
| 
|   ;
|   return 0;
| }
configure:14285: result: no
configure:14308: checking size of unsigned int
configure:14313: arm-hisiv200-linux-gcc -c -g -O2 -Wall -Wcast-align -Wshadow -Wstrict-prototypes -Wpointer-arith -Wno-pointer-sign -fvisibility=hidden  conftest.c >&5
conftest.c:69: warning: function declaration isn't a prototype
configure:14313: $? = 0
configure:14313: arm-hisiv200-linux-gcc -c -g -O2 -Wall -Wcast-align -Wshadow -Wstrict-prototypes -Wpointer-arith -Wno-pointer-sign -fvisibility=hidden  conftest.c >&5
conftest.c:69: warning: function declaration isn't a prototype
conftest.c: In function 'main':
conftest.c:70: error: size of array 'test_array' is negative
configure:14313: $? = 1
configure: failed program was:
| /* confdefs.h */
| #define PACKAGE_NAME "libksba"
| #define PACKAGE_TARNAME "libksba"
| #define PACKAGE_VERSION "1.3.0"
| #define PACKAGE_STRING "libksba 1.3.0"
| #define PACKAGE_BUGREPORT "http://bugs.gnupg.org"
| #define PACKAGE_URL ""
| #define PACKAGE "libksba"
| #define VERSION "1.3.0"
| #define STDC_HEADERS 1
| #define HAVE_SYS_TYPES_H 1
| #define HAVE_SYS_STAT_H 1
| #define HAVE_STDLIB_H 1
| #define HAVE_STRING_H 1
| #define HAVE_MEMORY_H 1
| #define HAVE_STRINGS_H 1
| #define HAVE_INTTYPES_H 1
| #define HAVE_STDINT_H 1
| #define HAVE_UNISTD_H 1
| #define __EXTENSIONS__ 1
| #define _ALL_SOURCE 1
| #define _GNU_SOURCE 1
| #define _POSIX_PTHREAD_SEMANTICS 1
| #define _TANDEM_SOURCE 1
| #define HAVE_DLFCN_H 1
| #define LT_OBJDIR ".libs/"
| #define PACKAGE "libksba"
| #define VERSION "1.3.0"
| #define KSBA_USE_VISIBILITY 1
| #define GPG_ERR_SOURCE_DEFAULT GPG_ERR_SOURCE_KSBA
| #define STDC_HEADERS 1
| #define HAVE_STRING_H 1
| /* end confdefs.h.  */
| #include <stdio.h>
| #ifdef HAVE_SYS_TYPES_H
| # include <sys/types.h>
| #endif
| #ifdef HAVE_SYS_STAT_H
| # include <sys/stat.h>
| #endif
| #ifdef STDC_HEADERS
| # include <stdlib.h>
| # include <stddef.h>
| #else
| # ifdef HAVE_STDLIB_H
| #  include <stdlib.h>
| # endif
| #endif
| #ifdef HAVE_STRING_H
| # if !defined STDC_HEADERS && defined HAVE_MEMORY_H
| #  include <memory.h>
| # endif
| # include <string.h>
| #endif
| #ifdef HAVE_STRINGS_H
| # include <strings.h>
| #endif
| #ifdef HAVE_INTTYPES_H
| # include <inttypes.h>
| #endif
| #ifdef HAVE_STDINT_H
| # include <stdint.h>
| #endif
| #ifdef HAVE_UNISTD_H
| # include <unistd.h>
| #endif
| int
| main ()
| {
| static int test_array [1 - 2 * !(((long int) (sizeof (unsigned int))) <= 0)];
| test_array [0] = 0;
| return test_array [0];
| 
|   ;
|   return 0;
| }
configure:14313: arm-hisiv200-linux-gcc -c -g -O2 -Wall -Wcast-align -Wshadow -Wstrict-prototypes -Wpointer-arith -Wno-pointer-sign -fvisibility=hidden  conftest.c >&5
conftest.c:69: warning: function declaration isn't a prototype
conftest.c: In function 'main':
conftest.c:70: error: size of array 'test_array' is negative
configure:14313: $? = 1
configure: failed program was:
| /* confdefs.h */
| #define PACKAGE_NAME "libksba"
| #define PACKAGE_TARNAME "libksba"
| #define PACKAGE_VERSION "1.3.0"
| #define PACKAGE_STRING "libksba 1.3.0"
| #define PACKAGE_BUGREPORT "http://bugs.gnupg.org"
| #define PACKAGE_URL ""
| #define PACKAGE "libksba"
| #define VERSION "1.3.0"
| #define STDC_HEADERS 1
| #define HAVE_SYS_TYPES_H 1
| #define HAVE_SYS_STAT_H 1
| #define HAVE_STDLIB_H 1
| #define HAVE_STRING_H 1
| #define HAVE_MEMORY_H 1
| #define HAVE_STRINGS_H 1
| #define HAVE_INTTYPES_H 1
| #define HAVE_STDINT_H 1
| #define HAVE_UNISTD_H 1
| #define __EXTENSIONS__ 1
| #define _ALL_SOURCE 1
| #define _GNU_SOURCE 1
| #define _POSIX_PTHREAD_SEMANTICS 1
| #define _TANDEM_SOURCE 1
| #define HAVE_DLFCN_H 1
| #define LT_OBJDIR ".libs/"
| #define PACKAGE "libksba"
| #define VERSION "1.3.0"
| #define KSBA_USE_VISIBILITY 1
| #define GPG_ERR_SOURCE_DEFAULT GPG_ERR_SOURCE_KSBA
| #define STDC_HEADERS 1
| #define HAVE_STRING_H 1
| /* end confdefs.h.  */
| #include <stdio.h>
| #ifdef HAVE_SYS_TYPES_H
| # include <sys/types.h>
| #endif
| #ifdef HAVE_SYS_STAT_H
| # include <sys/stat.h>
| #endif
| #ifdef STDC_HEADERS
| # include <stdlib.h>
| # include <stddef.h>
| #else
| # ifdef HAVE_STDLIB_H
| #  include <stdlib.h>
| # endif
| #endif
| #ifdef HAVE_STRING_H
| # if !defined STDC_HEADERS && defined HAVE_MEMORY_H
| #  include <memory.h>
| # endif
| # include <string.h>
| #endif
| #ifdef HAVE_STRINGS_H
| # include <strings.h>
| #endif
| #ifdef HAVE_INTTYPES_H
| # include <inttypes.h>
| #endif
| #ifdef HAVE_STDINT_H
| # include <stdint.h>
| #endif
| #ifdef HAVE_UNISTD_H
| # include <unistd.h>
| #endif
| int
| main ()
| {
| static int test_array [1 - 2 * !(((long int) (sizeof (unsigned int))) <= 1)];
| test_array [0] = 0;
| return test_array [0];
| 
|   ;
|   return 0;
| }
configure:14313: arm-hisiv200-linux-gcc -c -g -O2 -Wall -Wcast-align -Wshadow -Wstrict-prototypes -Wpointer-arith -Wno-pointer-sign -fvisibility=hidden  conftest.c >&5
conftest.c:69: warning: function declaration isn't a prototype
conftest.c: In function 'main':
conftest.c:70: error: size of array 'test_array' is negative
configure:14313: $? = 1
configure: failed program was:
| /* confdefs.h */
| #define PACKAGE_NAME "libksba"
| #define PACKAGE_TARNAME "libksba"
| #define PACKAGE_VERSION "1.3.0"
| #define PACKAGE_STRING "libksba 1.3.0"
| #define PACKAGE_BUGREPORT "http://bugs.gnupg.org"
| #define PACKAGE_URL ""
| #define PACKAGE "libksba"
| #define VERSION "1.3.0"
| #define STDC_HEADERS 1
| #define HAVE_SYS_TYPES_H 1
| #define HAVE_SYS_STAT_H 1
| #define HAVE_STDLIB_H 1
| #define HAVE_STRING_H 1
| #define HAVE_MEMORY_H 1
| #define HAVE_STRINGS_H 1
| #define HAVE_INTTYPES_H 1
| #define HAVE_STDINT_H 1
| #define HAVE_UNISTD_H 1
| #define __EXTENSIONS__ 1
| #define _ALL_SOURCE 1
| #define _GNU_SOURCE 1
| #define _POSIX_PTHREAD_SEMANTICS 1
| #define _TANDEM_SOURCE 1
| #define HAVE_DLFCN_H 1
| #define LT_OBJDIR ".libs/"
| #define PACKAGE "libksba"
| #define VERSION "1.3.0"
| #define KSBA_USE_VISIBILITY 1
| #define GPG_ERR_SOURCE_DEFAULT GPG_ERR_SOURCE_KSBA
| #define STDC_HEADERS 1
| #define HAVE_STRING_H 1
| /* end confdefs.h.  */
| #include <stdio.h>
| #ifdef HAVE_SYS_TYPES_H
| # include <sys/types.h>
| #endif
| #ifdef HAVE_SYS_STAT_H
| # include <sys/stat.h>
| #endif
| #ifdef STDC_HEADERS
| # include <stdlib.h>
| # include <stddef.h>
| #else
| # ifdef HAVE_STDLIB_H
| #  include <stdlib.h>
| # endif
| #endif
| #ifdef HAVE_STRING_H
| # if !defined STDC_HEADERS && defined HAVE_MEMORY_H
| #  include <memory.h>
| # endif
| # include <string.h>
| #endif
| #ifdef HAVE_STRINGS_H
| # include <strings.h>
| #endif
| #ifdef HAVE_INTTYPES_H
| # include <inttypes.h>
| #endif
| #ifdef HAVE_STDINT_H
| # include <stdint.h>
| #endif
| #ifdef HAVE_UNISTD_H
| # include <unistd.h>
| #endif
| int
| main ()
| {
| static int test_array [1 - 2 * !(((long int) (sizeof (unsigned int))) <= 3)];
| test_array [0] = 0;
| return test_array [0];
| 
|   ;
|   return 0;
| }
configure:14313: arm-hisiv200-linux-gcc -c -g -O2 -Wall -Wcast-align -Wshadow -Wstrict-prototypes -Wpointer-arith -Wno-pointer-sign -fvisibility=hidden  conftest.c >&5
conftest.c:69: warning: function declaration isn't a prototype
configure:14313: $? = 0
configure:14313: arm-hisiv200-linux-gcc -c -g -O2 -Wall -Wcast-align -Wshadow -Wstrict-prototypes -Wpointer-arith -Wno-pointer-sign -fvisibility=hidden  conftest.c >&5
conftest.c:69: warning: function declaration isn't a prototype
configure:14313: $? = 0
configure:14313: arm-hisiv200-linux-gcc -c -g -O2 -Wall -Wcast-align -Wshadow -Wstrict-prototypes -Wpointer-arith -Wno-pointer-sign -fvisibility=hidden  conftest.c >&5
conftest.c:69: warning: function declaration isn't a prototype
configure:14313: $? = 0
configure:14327: result: 4
configure:14341: checking size of unsigned long
configure:14346: arm-hisiv200-linux-gcc -c -g -O2 -Wall -Wcast-align -Wshadow -Wstrict-prototypes -Wpointer-arith -Wno-pointer-sign -fvisibility=hidden  conftest.c >&5
conftest.c:70: warning: function declaration isn't a prototype
configure:14346: $? = 0
configure:14346: arm-hisiv200-linux-gcc -c -g -O2 -Wall -Wcast-align -Wshadow -Wstrict-prototypes -Wpointer-arith -Wno-pointer-sign -fvisibility=hidden  conftest.c >&5
conftest.c:70: warning: function declaration isn't a prototype
conftest.c: In function 'main':
conftest.c:71: error: size of array 'test_array' is negative
configure:14346: $? = 1
configure: failed program was:
| /* confdefs.h */
| #define PACKAGE_NAME "libksba"
| #define PACKAGE_TARNAME "libksba"
| #define PACKAGE_VERSION "1.3.0"
| #define PACKAGE_STRING "libksba 1.3.0"
| #define PACKAGE_BUGREPORT "http://bugs.gnupg.org"
| #define PACKAGE_URL ""
| #define PACKAGE "libksba"
| #define VERSION "1.3.0"
| #define STDC_HEADERS 1
| #define HAVE_SYS_TYPES_H 1
| #define HAVE_SYS_STAT_H 1
| #define HAVE_STDLIB_H 1
| #define HAVE_STRING_H 1
| #define HAVE_MEMORY_H 1
| #define HAVE_STRINGS_H 1
| #define HAVE_INTTYPES_H 1
| #define HAVE_STDINT_H 1
| #define HAVE_UNISTD_H 1
| #define __EXTENSIONS__ 1
| #define _ALL_SOURCE 1
| #define _GNU_SOURCE 1
| #define _POSIX_PTHREAD_SEMANTICS 1
| #define _TANDEM_SOURCE 1
| #define HAVE_DLFCN_H 1
| #define LT_OBJDIR ".libs/"
| #define PACKAGE "libksba"
| #define VERSION "1.3.0"
| #define KSBA_USE_VISIBILITY 1
| #define GPG_ERR_SOURCE_DEFAULT GPG_ERR_SOURCE_KSBA
| #define STDC_HEADERS 1
| #define HAVE_STRING_H 1
| #define SIZEOF_UNSIGNED_INT 4
| /* end confdefs.h.  */
| #include <stdio.h>
| #ifdef HAVE_SYS_TYPES_H
| # include <sys/types.h>
| #endif
| #ifdef HAVE_SYS_STAT_H
| # include <sys/stat.h>
| #endif
| #ifdef STDC_HEADERS
| # include <stdlib.h>
| # include <stddef.h>
| #else
| # ifdef HAVE_STDLIB_H
| #  include <stdlib.h>
| # endif
| #endif
| #ifdef HAVE_STRING_H
| # if !defined STDC_HEADERS && defined HAVE_MEMORY_H
| #  include <memory.h>
| # endif
| # include <string.h>
| #endif
| #ifdef HAVE_STRINGS_H
| # include <strings.h>
| #endif
| #ifdef HAVE_INTTYPES_H
| # include <inttypes.h>
| #endif
| #ifdef HAVE_STDINT_H
| # include <stdint.h>
| #endif
| #ifdef HAVE_UNISTD_H
| # include <unistd.h>
| #endif
| int
| main ()
| {
| static int test_array [1 - 2 * !(((long int) (sizeof (unsigned long))) <= 0)];
| test_array [0] = 0;
| return test_array [0];
| 
|   ;
|   return 0;
| }
configure:14346: arm-hisiv200-linux-gcc -c -g -O2 -Wall -Wcast-align -Wshadow -Wstrict-prototypes -Wpointer-arith -Wno-pointer-sign -fvisibility=hidden  conftest.c >&5
conftest.c:70: warning: function declaration isn't a prototype
conftest.c: In function 'main':
conftest.c:71: error: size of array 'test_array' is negative
configure:14346: $? = 1
configure: failed program was:
| /* confdefs.h */
| #define PACKAGE_NAME "libksba"
| #define PACKAGE_TARNAME "libksba"
| #define PACKAGE_VERSION "1.3.0"
| #define PACKAGE_STRING "libksba 1.3.0"
| #define PACKAGE_BUGREPORT "http://bugs.gnupg.org"
| #define PACKAGE_URL ""
| #define PACKAGE "libksba"
| #define VERSION "1.3.0"
| #define STDC_HEADERS 1
| #define HAVE_SYS_TYPES_H 1
| #define HAVE_SYS_STAT_H 1
| #define HAVE_STDLIB_H 1
| #define HAVE_STRING_H 1
| #define HAVE_MEMORY_H 1
| #define HAVE_STRINGS_H 1
| #define HAVE_INTTYPES_H 1
| #define HAVE_STDINT_H 1
| #define HAVE_UNISTD_H 1
| #define __EXTENSIONS__ 1
| #define _ALL_SOURCE 1
| #define _GNU_SOURCE 1
| #define _POSIX_PTHREAD_SEMANTICS 1
| #define _TANDEM_SOURCE 1
| #define HAVE_DLFCN_H 1
| #define LT_OBJDIR ".libs/"
| #define PACKAGE "libksba"
| #define VERSION "1.3.0"
| #define KSBA_USE_VISIBILITY 1
| #define GPG_ERR_SOURCE_DEFAULT GPG_ERR_SOURCE_KSBA
| #define STDC_HEADERS 1
| #define HAVE_STRING_H 1
| #define SIZEOF_UNSIGNED_INT 4
| /* end confdefs.h.  */
| #include <stdio.h>
| #ifdef HAVE_SYS_TYPES_H
| # include <sys/types.h>
| #endif
| #ifdef HAVE_SYS_STAT_H
| # include <sys/stat.h>
| #endif
| #ifdef STDC_HEADERS
| # include <stdlib.h>
| # include <stddef.h>
| #else
| # ifdef HAVE_STDLIB_H
| #  include <stdlib.h>
| # endif
| #endif
| #ifdef HAVE_STRING_H
| # if !defined STDC_HEADERS && defined HAVE_MEMORY_H
| #  include <memory.h>
| # endif
| # include <string.h>
| #endif
| #ifdef HAVE_STRINGS_H
| # include <strings.h>
| #endif
| #ifdef HAVE_INTTYPES_H
| # include <inttypes.h>
| #endif
| #ifdef HAVE_STDINT_H
| # include <stdint.h>
| #endif
| #ifdef HAVE_UNISTD_H
| # include <unistd.h>
| #endif
| int
| main ()
| {
| static int test_array [1 - 2 * !(((long int) (sizeof (unsigned long))) <= 1)];
| test_array [0] = 0;
| return test_array [0];
| 
|   ;
|   return 0;
| }
configure:14346: arm-hisiv200-linux-gcc -c -g -O2 -Wall -Wcast-align -Wshadow -Wstrict-prototypes -Wpointer-arith -Wno-pointer-sign -fvisibility=hidden  conftest.c >&5
conftest.c:70: warning: function declaration isn't a prototype
conftest.c: In function 'main':
conftest.c:71: error: size of array 'test_array' is negative
configure:14346: $? = 1
configure: failed program was:
| /* confdefs.h */
| #define PACKAGE_NAME "libksba"
| #define PACKAGE_TARNAME "libksba"
| #define PACKAGE_VERSION "1.3.0"
| #define PACKAGE_STRING "libksba 1.3.0"
| #define PACKAGE_BUGREPORT "http://bugs.gnupg.org"
| #define PACKAGE_URL ""
| #define PACKAGE "libksba"
| #define VERSION "1.3.0"
| #define STDC_HEADERS 1
| #define HAVE_SYS_TYPES_H 1
| #define HAVE_SYS_STAT_H 1
| #define HAVE_STDLIB_H 1
| #define HAVE_STRING_H 1
| #define HAVE_MEMORY_H 1
| #define HAVE_STRINGS_H 1
| #define HAVE_INTTYPES_H 1
| #define HAVE_STDINT_H 1
| #define HAVE_UNISTD_H 1
| #define __EXTENSIONS__ 1
| #define _ALL_SOURCE 1
| #define _GNU_SOURCE 1
| #define _POSIX_PTHREAD_SEMANTICS 1
| #define _TANDEM_SOURCE 1
| #define HAVE_DLFCN_H 1
| #define LT_OBJDIR ".libs/"
| #define PACKAGE "libksba"
| #define VERSION "1.3.0"
| #define KSBA_USE_VISIBILITY 1
| #define GPG_ERR_SOURCE_DEFAULT GPG_ERR_SOURCE_KSBA
| #define STDC_HEADERS 1
| #define HAVE_STRING_H 1
| #define SIZEOF_UNSIGNED_INT 4
| /* end confdefs.h.  */
| #include <stdio.h>
| #ifdef HAVE_SYS_TYPES_H
| # include <sys/types.h>
| #endif
| #ifdef HAVE_SYS_STAT_H
| # include <sys/stat.h>
| #endif
| #ifdef STDC_HEADERS
| # include <stdlib.h>
| # include <stddef.h>
| #else
| # ifdef HAVE_STDLIB_H
| #  include <stdlib.h>
| # endif
| #endif
| #ifdef HAVE_STRING_H
| # if !defined STDC_HEADERS && defined HAVE_MEMORY_H
| #  include <memory.h>
| # endif
| # include <string.h>
| #endif
| #ifdef HAVE_STRINGS_H
| # include <strings.h>
| #endif
| #ifdef HAVE_INTTYPES_H
| # include <inttypes.h>
| #endif
| #ifdef HAVE_STDINT_H
| # include <stdint.h>
| #endif
| #ifdef HAVE_UNISTD_H
| # include <unistd.h>
| #endif
| int
| main ()
| {
| static int test_array [1 - 2 * !(((long int) (sizeof (unsigned long))) <= 3)];
| test_array [0] = 0;
| return test_array [0];
| 
|   ;
|   return 0;
| }
configure:14346: arm-hisiv200-linux-gcc -c -g -O2 -Wall -Wcast-align -Wshadow -Wstrict-prototypes -Wpointer-arith -Wno-pointer-sign -fvisibility=hidden  conftest.c >&5
conftest.c:70: warning: function declaration isn't a prototype
configure:14346: $? = 0
configure:14346: arm-hisiv200-linux-gcc -c -g -O2 -Wall -Wcast-align -Wshadow -Wstrict-prototypes -Wpointer-arith -Wno-pointer-sign -fvisibility=hidden  conftest.c >&5
conftest.c:70: warning: function declaration isn't a prototype
configure:14346: $? = 0
configure:14346: arm-hisiv200-linux-gcc -c -g -O2 -Wall -Wcast-align -Wshadow -Wstrict-prototypes -Wpointer-arith -Wno-pointer-sign -fvisibility=hidden  conftest.c >&5
conftest.c:70: warning: function declaration isn't a prototype
configure:14346: $? = 0
configure:14360: result: 4
configure:14370: checking for u32 typedef
configure:14391: arm-hisiv200-linux-gcc -c -g -O2 -Wall -Wcast-align -Wshadow -Wstrict-prototypes -Wpointer-arith -Wno-pointer-sign -fvisibility=hidden  conftest.c >&5
conftest.c:41: warning: function declaration isn't a prototype
conftest.c: In function 'main':
conftest.c:44: error: 'u32' undeclared (first use in this function)
conftest.c:44: error: (Each undeclared identifier is reported only once
conftest.c:44: error: for each function it appears in.)
conftest.c:44: warning: unused variable 'a'
configure:14391: $? = 1
configure: failed program was:
| /* confdefs.h */
| #define PACKAGE_NAME "libksba"
| #define PACKAGE_TARNAME "libksba"
| #define PACKAGE_VERSION "1.3.0"
| #define PACKAGE_STRING "libksba 1.3.0"
| #define PACKAGE_BUGREPORT "http://bugs.gnupg.org"
| #define PACKAGE_URL ""
| #define PACKAGE "libksba"
| #define VERSION "1.3.0"
| #define STDC_HEADERS 1
| #define HAVE_SYS_TYPES_H 1
| #define HAVE_SYS_STAT_H 1
| #define HAVE_STDLIB_H 1
| #define HAVE_STRING_H 1
| #define HAVE_MEMORY_H 1
| #define HAVE_STRINGS_H 1
| #define HAVE_INTTYPES_H 1
| #define HAVE_STDINT_H 1
| #define HAVE_UNISTD_H 1
| #define __EXTENSIONS__ 1
| #define _ALL_SOURCE 1
| #define _GNU_SOURCE 1
| #define _POSIX_PTHREAD_SEMANTICS 1
| #define _TANDEM_SOURCE 1
| #define HAVE_DLFCN_H 1
| #define LT_OBJDIR ".libs/"
| #define PACKAGE "libksba"
| #define VERSION "1.3.0"
| #define KSBA_USE_VISIBILITY 1
| #define GPG_ERR_SOURCE_DEFAULT GPG_ERR_SOURCE_KSBA
| #define STDC_HEADERS 1
| #define HAVE_STRING_H 1
| #define SIZEOF_UNSIGNED_INT 4
| #define SIZEOF_UNSIGNED_LONG 4
| /* end confdefs.h.  */
| #define _GNU_SOURCE 1
|     #include <stdlib.h>
|     #include <sys/types.h>
| int
| main ()
| {
| 
|     #undef u32
|     int a = sizeof(u32);
| 
|   ;
|   return 0;
| }
configure:14399: result: no
configure:14413: checking for memmove
configure:14413: arm-hisiv200-linux-gcc -o conftest -g -O2 -Wall -Wcast-align -Wshadow -Wstrict-prototypes -Wpointer-arith -Wno-pointer-sign -fvisibility=hidden   conftest.c  >&5
conftest.c:59: warning: function declaration isn't a prototype
conftest.c:59: warning: conflicting types for built-in function 'memmove'
conftest.c:69: warning: function declaration isn't a prototype
configure:14413: $? = 0
configure:14413: result: yes
configure:14413: checking for strchr
configure:14413: arm-hisiv200-linux-gcc -o conftest -g -O2 -Wall -Wcast-align -Wshadow -Wstrict-prototypes -Wpointer-arith -Wno-pointer-sign -fvisibility=hidden   conftest.c  >&5
conftest.c:60: warning: function declaration isn't a prototype
conftest.c:60: warning: conflicting types for built-in function 'strchr'
conftest.c:70: warning: function declaration isn't a prototype
configure:14413: $? = 0
configure:14413: result: yes
configure:14413: checking for strtol
configure:14413: arm-hisiv200-linux-gcc -o conftest -g -O2 -Wall -Wcast-align -Wshadow -Wstrict-prototypes -Wpointer-arith -Wno-pointer-sign -fvisibility=hidden   conftest.c  >&5
conftest.c:61: warning: function declaration isn't a prototype
conftest.c:71: warning: function declaration isn't a prototype
configure:14413: $? = 0
configure:14413: result: yes
configure:14413: checking for strtoul
configure:14413: arm-hisiv200-linux-gcc -o conftest -g -O2 -Wall -Wcast-align -Wshadow -Wstrict-prototypes -Wpointer-arith -Wno-pointer-sign -fvisibility=hidden   conftest.c  >&5
conftest.c:62: warning: function declaration isn't a prototype
conftest.c:72: warning: function declaration isn't a prototype
configure:14413: $? = 0
configure:14413: result: yes
configure:14413: checking for stpcpy
configure:14413: arm-hisiv200-linux-gcc -o conftest -g -O2 -Wall -Wcast-align -Wshadow -Wstrict-prototypes -Wpointer-arith -Wno-pointer-sign -fvisibility=hidden   conftest.c  >&5
conftest.c:63: warning: function declaration isn't a prototype
conftest.c:63: warning: conflicting types for built-in function 'stpcpy'
conftest.c:73: warning: function declaration isn't a prototype
configure:14413: $? = 0
configure:14413: result: yes
configure:14413: checking for gmtime_r
configure:14413: arm-hisiv200-linux-gcc -o conftest -g -O2 -Wall -Wcast-align -Wshadow -Wstrict-prototypes -Wpointer-arith -Wno-pointer-sign -fvisibility=hidden   conftest.c  >&5
conftest.c:64: warning: function declaration isn't a prototype
conftest.c:74: warning: function declaration isn't a prototype
configure:14413: $? = 0
configure:14413: result: yes
configure:14413: checking for getenv
configure:14413: arm-hisiv200-linux-gcc -o conftest -g -O2 -Wall -Wcast-align -Wshadow -Wstrict-prototypes -Wpointer-arith -Wno-pointer-sign -fvisibility=hidden   conftest.c  >&5
conftest.c:65: warning: function declaration isn't a prototype
conftest.c:75: warning: function declaration isn't a prototype
configure:14413: $? = 0
configure:14413: result: yes
configure:14428: checking for size_t
configure:14428: arm-hisiv200-linux-gcc -c -g -O2 -Wall -Wcast-align -Wshadow -Wstrict-prototypes -Wpointer-arith -Wno-pointer-sign -fvisibility=hidden  conftest.c >&5
conftest.c:78: warning: function declaration isn't a prototype
configure:14428: $? = 0
configure:14428: arm-hisiv200-linux-gcc -c -g -O2 -Wall -Wcast-align -Wshadow -Wstrict-prototypes -Wpointer-arith -Wno-pointer-sign -fvisibility=hidden  conftest.c >&5
conftest.c:78: warning: function declaration isn't a prototype
conftest.c: In function 'main':
conftest.c:79: error: expected expression before ')' token
configure:14428: $? = 1
configure: failed program was:
| /* confdefs.h */
| #define PACKAGE_NAME "libksba"
| #define PACKAGE_TARNAME "libksba"
| #define PACKAGE_VERSION "1.3.0"
| #define PACKAGE_STRING "libksba 1.3.0"
| #define PACKAGE_BUGREPORT "http://bugs.gnupg.org"
| #define PACKAGE_URL ""
| #define PACKAGE "libksba"
| #define VERSION "1.3.0"
| #define STDC_HEADERS 1
| #define HAVE_SYS_TYPES_H 1
| #define HAVE_SYS_STAT_H 1
| #define HAVE_STDLIB_H 1
| #define HAVE_STRING_H 1
| #define HAVE_MEMORY_H 1
| #define HAVE_STRINGS_H 1
| #define HAVE_INTTYPES_H 1
| #define HAVE_STDINT_H 1
| #define HAVE_UNISTD_H 1
| #define __EXTENSIONS__ 1
| #define _ALL_SOURCE 1
| #define _GNU_SOURCE 1
| #define _POSIX_PTHREAD_SEMANTICS 1
| #define _TANDEM_SOURCE 1
| #define HAVE_DLFCN_H 1
| #define LT_OBJDIR ".libs/"
| #define PACKAGE "libksba"
| #define VERSION "1.3.0"
| #define KSBA_USE_VISIBILITY 1
| #define GPG_ERR_SOURCE_DEFAULT GPG_ERR_SOURCE_KSBA
| #define STDC_HEADERS 1
| #define HAVE_STRING_H 1
| #define SIZEOF_UNSIGNED_INT 4
| #define SIZEOF_UNSIGNED_LONG 4
| #define HAVE_MEMMOVE 1
| #define HAVE_STRCHR 1
| #define HAVE_STRTOL 1
| #define HAVE_STRTOUL 1
| #define HAVE_STPCPY 1
| #define HAVE_GMTIME_R 1
| #define HAVE_GETENV 1
| /* end confdefs.h.  */
| #include <stdio.h>
| #ifdef HAVE_SYS_TYPES_H
| # include <sys/types.h>
| #endif
| #ifdef HAVE_SYS_STAT_H
| # include <sys/stat.h>
| #endif
| #ifdef STDC_HEADERS
| # include <stdlib.h>
| # include <stddef.h>
| #else
| # ifdef HAVE_STDLIB_H
| #  include <stdlib.h>
| # endif
| #endif
| #ifdef HAVE_STRING_H
| # if !defined STDC_HEADERS && defined HAVE_MEMORY_H
| #  include <memory.h>
| # endif
| # include <string.h>
| #endif
| #ifdef HAVE_STRINGS_H
| # include <strings.h>
| #endif
| #ifdef HAVE_INTTYPES_H
| # include <inttypes.h>
| #endif
| #ifdef HAVE_STDINT_H
| # include <stdint.h>
| #endif
| #ifdef HAVE_UNISTD_H
| # include <unistd.h>
| #endif
| int
| main ()
| {
| if (sizeof ((size_t)))
| 	    return 0;
|   ;
|   return 0;
| }
configure:14428: result: yes
configure:14441: checking for working alloca.h
configure:14458: arm-hisiv200-linux-gcc -o conftest -g -O2 -Wall -Wcast-align -Wshadow -Wstrict-prototypes -Wpointer-arith -Wno-pointer-sign -fvisibility=hidden   conftest.c  >&5
conftest.c:46: warning: function declaration isn't a prototype
configure:14458: $? = 0
configure:14466: result: yes
configure:14474: checking for alloca
configure:14511: arm-hisiv200-linux-gcc -o conftest -g -O2 -Wall -Wcast-align -Wshadow -Wstrict-prototypes -Wpointer-arith -Wno-pointer-sign -fvisibility=hidden   conftest.c  >&5
conftest.c:67: warning: function declaration isn't a prototype
configure:14511: $? = 0
configure:14519: result: yes
configure:14864: creating ./config.status

## ---------------------- ##
## Running config.status. ##
## ---------------------- ##

This file was extended by libksba config.status 1.3.0, which was
generated by GNU Autoconf 2.69.  Invocation command line was

  CONFIG_FILES    = 
  CONFIG_HEADERS  = 
  CONFIG_LINKS    = 
  CONFIG_COMMANDS = 
  $ ./config.status 

on DuLi

config.status:1185: creating Makefile
config.status:1185: creating m4/Makefile
config.status:1185: creating gl/Makefile
config.status:1185: creating src/Makefile
config.status:1185: creating src/ksba-config
config.status:1185: creating src/versioninfo.rc
config.status:1185: creating tests/Makefile
config.status:1185: creating doc/Makefile
config.status:1185: creating config.h
config.status:1414: executing depfiles commands
config.status:1414: executing libtool commands

## ---------------- ##
## Cache variables. ##
## ---------------- ##

ac_cv_build=x86_64-unknown-linux-gnu
ac_cv_c_bigendian=no
ac_cv_c_compiler_gnu=yes
ac_cv_c_const=yes
ac_cv_c_inline=inline
ac_cv_env_CC_FOR_BUILD_set=
ac_cv_env_CC_FOR_BUILD_value=
ac_cv_env_CC_set=set
ac_cv_env_CC_value=arm-hisiv200-linux-gcc
ac_cv_env_CFLAGS_set=
ac_cv_env_CFLAGS_value=
ac_cv_env_CPPFLAGS_set=
ac_cv_env_CPPFLAGS_value=
ac_cv_env_CPP_set=
ac_cv_env_CPP_value=
ac_cv_env_LDFLAGS_set=
ac_cv_env_LDFLAGS_value=
ac_cv_env_LIBS_set=
ac_cv_env_LIBS_value=
ac_cv_env_YACC_set=
ac_cv_env_YACC_value=
ac_cv_env_YFLAGS_set=
ac_cv_env_YFLAGS_value=
ac_cv_env_build_alias_set=
ac_cv_env_build_alias_value=
ac_cv_env_host_alias_set=set
ac_cv_env_host_alias_value=arm-hisiv200-linux
ac_cv_env_target_alias_set=
ac_cv_env_target_alias_value=
ac_cv_func_alloca_works=yes
ac_cv_func_getenv=yes
ac_cv_func_gmtime_r=yes
ac_cv_func_memmove=yes
ac_cv_func_stpcpy=yes
ac_cv_func_strchr=yes
ac_cv_func_strtol=yes
ac_cv_func_strtoul=yes
ac_cv_header_dlfcn_h=yes
ac_cv_header_inttypes_h=yes
ac_cv_header_memory_h=yes
ac_cv_header_minix_config_h=no
ac_cv_header_stdc=yes
ac_cv_header_stdint_h=yes
ac_cv_header_stdlib_h=yes
ac_cv_header_string_h=yes
ac_cv_header_strings_h=yes
ac_cv_header_sys_stat_h=yes
ac_cv_header_sys_types_h=yes
ac_cv_header_unistd_h=yes
ac_cv_host=arm-hisiv200-linux-gnu
ac_cv_objext=o
ac_cv_path_EGREP='/bin/grep -E'
ac_cv_path_FGREP='/bin/grep -F'
ac_cv_path_GPG_ERROR_CONFIG=/home/duli/test_work/gpg/install/bin/gpg-error-config
ac_cv_path_GREP=/bin/grep
ac_cv_path_SED=/bin/sed
ac_cv_path_install='/usr/bin/install -c'
ac_cv_path_mkdir=/bin/mkdir
ac_cv_prog_AR=arm-hisiv200-linux-ar
ac_cv_prog_AWK=gawk
ac_cv_prog_CC=arm-hisiv200-linux-gcc
ac_cv_prog_CPP='arm-hisiv200-linux-gcc -E'
ac_cv_prog_OBJDUMP=arm-hisiv200-linux-objdump
ac_cv_prog_RANLIB=arm-hisiv200-linux-ranlib
ac_cv_prog_STRIP=arm-hisiv200-linux-strip
ac_cv_prog_YACC='bison -y'
ac_cv_prog_ac_ct_MANIFEST_TOOL=mt
ac_cv_prog_cc_arm_hisiv200_linux_gcc_c_o=yes
ac_cv_prog_cc_c89=
ac_cv_prog_cc_g=yes
ac_cv_prog_make_make_set=yes
ac_cv_safe_to_define___extensions__=yes
ac_cv_sizeof_unsigned_int=4
ac_cv_sizeof_unsigned_long=4
ac_cv_type_size_t=yes
ac_cv_working_alloca_h=yes
am_cv_CC_dependencies_compiler_type=gcc3
gnupg_cv_typedef_u32=no
ksba_cv_broken_alias_attribute=no
ksba_cv_broken_visibility_attribute=no
ksba_cv_gcc_has_f_visibility=yes
ksba_cv_visibility_attribute=yes
lt_cv_ar_at_file=@
lt_cv_archive_cmds_need_lc=no
lt_cv_deplibs_check_method=pass_all
lt_cv_file_magic_cmd='$MAGIC_CMD'
lt_cv_file_magic_test_file=
lt_cv_ld_reload_flag=-r
lt_cv_nm_interface='BSD nm'
lt_cv_objdir=.libs
lt_cv_path_LD=/opt/hisi-linux/x86-arm/arm-hisiv200-linux/arm-hisiv200-linux-gnueabi/bin/ld
lt_cv_path_NM='/opt/hisi-linux/x86-arm/arm-hisiv200-linux/target/bin/arm-hisiv200-linux-nm -B'
lt_cv_path_mainfest_tool=no
lt_cv_prog_compiler_c_o=yes
lt_cv_prog_compiler_c_o_RC=yes
lt_cv_prog_compiler_pic='-fPIC -DPIC'
lt_cv_prog_compiler_pic_works=yes
lt_cv_prog_compiler_rtti_exceptions=no
lt_cv_prog_compiler_static_works=yes
lt_cv_prog_gnu_ld=yes
lt_cv_sharedlib_from_linklib_cmd='printf %s\n'
lt_cv_shlibpath_overrides_runpath=no
lt_cv_sys_global_symbol_pipe='sed -n -e '\''s/^.*[	 ]\([ABCDGIRSTW][ABCDGIRSTW]*\)[	 ][	 ]*\([_A-Za-z][_A-Za-z0-9]*\)$/\1 \2 \2/p'\'' | sed '\''/ __gnu_lto/d'\'''
lt_cv_sys_global_symbol_to_c_name_address='sed -n -e '\''s/^: \([^ ]*\)[ ]*$/  {\"\1\", (void *) 0},/p'\'' -e '\''s/^[ABCDGIRSTW]* \([^ ]*\) \([^ ]*\)$/  {"\2", (void *) \&\2},/p'\'''
lt_cv_sys_global_symbol_to_c_name_address_lib_prefix='sed -n -e '\''s/^: \([^ ]*\)[ ]*$/  {\"\1\", (void *) 0},/p'\'' -e '\''s/^[ABCDGIRSTW]* \([^ ]*\) \(lib[^ ]*\)$/  {"\2", (void *) \&\2},/p'\'' -e '\''s/^[ABCDGIRSTW]* \([^ ]*\) \([^ ]*\)$/  {"lib\2", (void *) \&\2},/p'\'''
lt_cv_sys_global_symbol_to_cdecl='sed -n -e '\''s/^T .* \(.*\)$/extern int \1();/p'\'' -e '\''s/^[ABCDGIRSTW]* .* \(.*\)$/extern char \1;/p'\'''
lt_cv_sys_max_cmd_len=1572864
lt_cv_to_host_file_cmd=func_convert_file_noop
lt_cv_to_tool_file_cmd=func_convert_file_noop

## ----------------- ##
## Output variables. ##
## ----------------- ##

ACLOCAL='${SHELL} /home/duli/test_work/gpg/source/libksba-1.3.0/missing --run aclocal-1.11'
ALLOCA=''
ALLOCA_H='alloca.h'
AMDEPBACKSLASH='\'
AMDEP_FALSE='#'
AMDEP_TRUE=''
AMTAR='$${TAR-tar}'
AR='arm-hisiv200-linux-ar'
AS='as'
AUTOCONF='${SHELL} /home/duli/test_work/gpg/source/libksba-1.3.0/missing --run autoconf'
AUTOHEADER='${SHELL} /home/duli/test_work/gpg/source/libksba-1.3.0/missing --run autoheader'
AUTOMAKE='${SHELL} /home/duli/test_work/gpg/source/libksba-1.3.0/missing --run automake-1.11'
AWK='gawk'
BUILD_FILEVERSION=''
BUILD_REVISION='ea84874'
BUILD_TIMESTAMP=''
CC='arm-hisiv200-linux-gcc'
CCDEPMODE='depmode=gcc3'
CC_FOR_BUILD='cc'
CFLAGS='-g -O2 -Wall -Wcast-align -Wshadow -Wstrict-prototypes -Wpointer-arith -Wno-pointer-sign -fvisibility=hidden'
CPP='arm-hisiv200-linux-gcc -E'
CPPFLAGS=''
CROSS_COMPILING_FALSE='#'
CROSS_COMPILING_TRUE=''
CYGPATH_W='echo'
DEFS='-DHAVE_CONFIG_H'
DEPDIR='.deps'
DLLTOOL='false'
DSYMUTIL=''
DUMPBIN=''
ECHO_C=''
ECHO_N='-n'
ECHO_T=''
EGREP='/bin/grep -E'
EXEEXT=''
FGREP='/bin/grep -F'
GPG_ERROR_CFLAGS='-I/home/duli/test_work/gpg/install/include'
GPG_ERROR_CONFIG='/home/duli/test_work/gpg/install/bin/gpg-error-config'
GPG_ERROR_LIBS='-L/home/duli/test_work/gpg/install/lib -lgpg-error'
GREP='/bin/grep'
HAVE_LD_VERSION_SCRIPT_FALSE='#'
HAVE_LD_VERSION_SCRIPT_TRUE=''
HAVE_W32CE_SYSTEM_FALSE=''
HAVE_W32CE_SYSTEM_TRUE='#'
HAVE_W32_SYSTEM_FALSE=''
HAVE_W32_SYSTEM_TRUE='#'
INSTALL_DATA='${INSTALL} -m 644'
INSTALL_PROGRAM='${INSTALL}'
INSTALL_SCRIPT='${INSTALL}'
INSTALL_STRIP_PROGRAM='$(install_sh) -c -s'
KSBA_CONFIG_API_VERSION='1'
KSBA_CONFIG_CFLAGS=''
KSBA_CONFIG_HOST='arm-hisiv200-linux-gnu'
KSBA_CONFIG_LIBS='-lksba'
LD='/opt/hisi-linux/x86-arm/arm-hisiv200-linux/arm-hisiv200-linux-gnueabi/bin/ld'
LDFLAGS=''
LIBKSBA_LT_AGE='11'
LIBKSBA_LT_CURRENT='19'
LIBKSBA_LT_REVISION='1'
LIBOBJS=''
LIBS=''
LIBTOOL='$(SHELL) $(top_builddir)/libtool'
LIPO=''
LN_S='ln -s'
LTALLOCA=''
LTLIBOBJS=''
MAINT='#'
MAINTAINER_MODE_FALSE=''
MAINTAINER_MODE_TRUE='#'
MAKEINFO='${SHELL} /home/duli/test_work/gpg/source/libksba-1.3.0/missing --run makeinfo'
MANIFEST_TOOL=':'
MKDIR_P='/bin/mkdir -p'
NM='/opt/hisi-linux/x86-arm/arm-hisiv200-linux/target/bin/arm-hisiv200-linux-nm -B'
NMEDIT=''
OBJDUMP='arm-hisiv200-linux-objdump'
OBJEXT='o'
OTOOL64=''
OTOOL=''
PACKAGE='libksba'
PACKAGE_BUGREPORT='http://bugs.gnupg.org'
PACKAGE_NAME='libksba'
PACKAGE_STRING='libksba 1.3.0'
PACKAGE_TARNAME='libksba'
PACKAGE_URL=''
PACKAGE_VERSION='1.3.0'
PATH_SEPARATOR=':'
RANLIB='arm-hisiv200-linux-ranlib'
RC=''
SED='/bin/sed'
SET_MAKE=''
SHELL='/bin/bash'
STRIP='arm-hisiv200-linux-strip'
VERSION='1.3.0'
YACC='bison -y'
YFLAGS=''
ac_ct_AR=''
ac_ct_CC=''
ac_ct_DUMPBIN=''
am__EXEEXT_FALSE=''
am__EXEEXT_TRUE='#'
am__fastdepCC_FALSE='#'
am__fastdepCC_TRUE=''
am__include='include'
am__isrc=''
am__leading_dot='.'
am__nodep='_no'
am__quote=''
am__tar='$${TAR-tar} chof - "$$tardir"'
am__untar='$${TAR-tar} xf -'
bindir='${exec_prefix}/bin'
build='x86_64-unknown-linux-gnu'
build_alias=''
build_cpu='x86_64'
build_os='linux-gnu'
build_vendor='unknown'
datadir='${datarootdir}'
datarootdir='${prefix}/share'
docdir='${datarootdir}/doc/${PACKAGE_TARNAME}'
dvidir='${docdir}'
exec_prefix='${prefix}'
host='arm-hisiv200-linux-gnu'
host_alias='arm-hisiv200-linux'
host_cpu='arm'
host_os='linux-gnu'
host_vendor='hisiv200'
htmldir='${docdir}'
includedir='${prefix}/include'
infodir='${datarootdir}/info'
install_sh='${SHELL} /home/duli/test_work/gpg/source/libksba-1.3.0/install-sh'
libdir='${exec_prefix}/lib'
libexecdir='${exec_prefix}/libexec'
localedir='${datarootdir}/locale'
localstatedir='${prefix}/var'
mandir='${datarootdir}/man'
mkdir_p='/bin/mkdir -p'
oldincludedir='/usr/include'
pdfdir='${docdir}'
prefix='/home/duli/test_work/gpg/install'
program_transform_name='s,x,x,'
psdir='${docdir}'
sbindir='${exec_prefix}/sbin'
sharedstatedir='${prefix}/com'
sysconfdir='${prefix}/etc'
target_alias=''

## ----------- ##
## confdefs.h. ##
## ----------- ##

/* confdefs.h */
#define PACKAGE_NAME "libksba"
#define PACKAGE_TARNAME "libksba"
#define PACKAGE_VERSION "1.3.0"
#define PACKAGE_STRING "libksba 1.3.0"
#define PACKAGE_BUGREPORT "http://bugs.gnupg.org"
#define PACKAGE_URL ""
#define PACKAGE "libksba"
#define VERSION "1.3.0"
#define STDC_HEADERS 1
#define HAVE_SYS_TYPES_H 1
#define HAVE_SYS_STAT_H 1
#define HAVE_STDLIB_H 1
#define HAVE_STRING_H 1
#define HAVE_MEMORY_H 1
#define HAVE_STRINGS_H 1
#define HAVE_INTTYPES_H 1
#define HAVE_STDINT_H 1
#define HAVE_UNISTD_H 1
#define __EXTENSIONS__ 1
#define _ALL_SOURCE 1
#define _GNU_SOURCE 1
#define _POSIX_PTHREAD_SEMANTICS 1
#define _TANDEM_SOURCE 1
#define HAVE_DLFCN_H 1
#define LT_OBJDIR ".libs/"
#define PACKAGE "libksba"
#define VERSION "1.3.0"
#define KSBA_USE_VISIBILITY 1
#define GPG_ERR_SOURCE_DEFAULT GPG_ERR_SOURCE_KSBA
#define STDC_HEADERS 1
#define HAVE_STRING_H 1
#define SIZEOF_UNSIGNED_INT 4
#define SIZEOF_UNSIGNED_LONG 4
#define HAVE_MEMMOVE 1
#define HAVE_STRCHR 1
#define HAVE_STRTOL 1
#define HAVE_STRTOUL 1
#define HAVE_STPCPY 1
#define HAVE_GMTIME_R 1
#define HAVE_GETENV 1
#define HAVE_ALLOCA_H 1
#define HAVE_ALLOCA 1
#define HAVE_ALLOCA 1
#define HAVE_ALLOCA_H 1
#define BUILD_REVISION "ea84874"

configure: exit 0
